Command line: /Users/cmdb/miniconda3/bin/spades.py	-s	/Users/cmdb/qbb2019-answers/20190913/IMPROVE_2/reads_1.fastq	-s	/Users/cmdb/qbb2019-answers/20190913/IMPROVE_2/reads_2.fastq	-o	/Users/cmdb/qbb2019-answers/20190913/IMPROVE_2	

System information:
  SPAdes version: 3.13.1
  Python version: 3.6.7
  OS: Darwin-18.7.0-x86_64-i386-64bit

Output dir: /Users/cmdb/qbb2019-answers/20190913/IMPROVE_2
Mode: read error correction and assembling
Debug mode is turned OFF

Dataset parameters:
  Multi-cell mode (you should set '--sc' flag if input data was obtained with MDA (single-cell) technology or --meta flag if processing metagenomic dataset)
  Reads:
    Library number: 1, library type: single
      left reads: not specified
      right reads: not specified
      interlaced reads: not specified
      single reads: ['/Users/cmdb/qbb2019-answers/20190913/IMPROVE_2/reads_1.fastq', '/Users/cmdb/qbb2019-answers/20190913/IMPROVE_2/reads_2.fastq']
      merged reads: not specified
Read error correction parameters:
  Iterations: 1
  PHRED offset will be auto-detected
  Corrected reads will be compressed
Assembly parameters:
  k: automatic selection based on read length
  Repeat resolution is enabled
  Mismatch careful mode is turned OFF
  MismatchCorrector will be SKIPPED
  Coverage cutoff is turned OFF
Other parameters:
  Dir for temp files: /Users/cmdb/qbb2019-answers/20190913/IMPROVE_2/tmp
  Threads: 16
  Memory limit (in Gb): 250


======= SPAdes pipeline started. Log can be found here: /Users/cmdb/qbb2019-answers/20190913/IMPROVE_2/spades.log


===== Read error correction started. 


== Running read error correction tool: /Users/cmdb/miniconda3/share/spades-3.13.1-0/bin/spades-hammer /Users/cmdb/qbb2019-answers/20190913/IMPROVE_2/corrected/configs/config.info

  0:00:00.000     4M / 4M    INFO    General                 (main.cpp                  :  75)   Starting BayesHammer, built from N/A, git revision N/A
  0:00:00.000     4M / 4M    INFO    General                 (main.cpp                  :  76)   Loading config from /Users/cmdb/qbb2019-answers/20190913/IMPROVE_2/corrected/configs/config.info
  0:00:00.001     4M / 4M    INFO    General                 (main.cpp                  :  78)   Maximum # of threads to use (adjusted due to OMP capabilities): 4
  0:00:00.001     4M / 4M    INFO    General                 (memory_limit.cpp          :  49)   Memory limit set to 250 Gb
  0:00:00.001     4M / 4M    INFO    General                 (main.cpp                  :  86)   Trying to determine PHRED offset
  0:00:00.002     4M / 4M    INFO    General                 (main.cpp                  :  92)   Determined value is 33
  0:00:00.002     4M / 4M    INFO    General                 (hammer_tools.cpp          :  36)   Hamming graph threshold tau=1, k=21, subkmer positions = [ 0 10 ]
  0:00:00.002     4M / 4M    INFO    General                 (main.cpp                  : 113)   Size of aux. kmer data 24 bytes
     === ITERATION 0 begins ===
  0:00:00.003     4M / 4M    INFO   K-mer Index Building     (kmer_index_builder.hpp    : 301)   Building kmer index
  0:00:00.003     4M / 4M    INFO    General                 (kmer_index_builder.hpp    : 117)   Splitting kmer instances into 64 files using 4 threads. This might take a while.
  0:00:00.003     4M / 4M    INFO    General                 (file_limit.hpp            :  32)   Open file limit set to 256
  0:00:00.003     4M / 4M    INFO    General                 (kmer_splitters.hpp        :  89)   Memory available for splitting buffers: 20.833 Gb
  0:00:00.003     4M / 4M    INFO    General                 (kmer_splitters.hpp        :  97)   Using cell size of 1048576
  0:00:00.004     3G / 3G    INFO   K-mer Splitting          (kmer_data.cpp             :  97)   Processing /Users/cmdb/qbb2019-answers/20190913/IMPROVE_2/reads_1.fastq
  0:00:02.575     3G / 3G    INFO   K-mer Splitting          (kmer_data.cpp             : 107)   Processed 306174 reads
  0:00:02.575     3G / 3G    INFO   K-mer Splitting          (kmer_data.cpp             :  97)   Processing /Users/cmdb/qbb2019-answers/20190913/IMPROVE_2/reads_2.fastq
  0:00:04.988     3G / 3G    INFO   K-mer Splitting          (kmer_data.cpp             : 107)   Processed 612348 reads
  0:00:04.988     3G / 3G    INFO   K-mer Splitting          (kmer_data.cpp             : 112)   Total 612348 reads processed
  0:00:05.012    16M / 3G    INFO    General                 (kmer_index_builder.hpp    : 120)   Starting k-mer counting.
  0:00:05.083    16M / 3G    INFO    General                 (kmer_index_builder.hpp    : 127)   K-mer counting done. There are 202534 kmers in total.
  0:00:05.083    16M / 3G    INFO    General                 (kmer_index_builder.hpp    : 133)   Merging temporary buckets.
  0:00:05.113    16M / 3G    INFO   K-mer Index Building     (kmer_index_builder.hpp    : 314)   Building perfect hash indices
  0:00:05.139    16M / 3G    INFO    General                 (kmer_index_builder.hpp    : 150)   Merging final buckets.
  0:00:05.146    16M / 3G    INFO   K-mer Index Building     (kmer_index_builder.hpp    : 336)   Index built. Total 102584 bytes occupied (4.05202 bits per kmer).
  0:00:05.147    16M / 3G    INFO   K-mer Counting           (kmer_data.cpp             : 356)   Arranging kmers in hash map order
  0:00:05.169    16M / 3G    INFO    General                 (main.cpp                  : 148)   Clustering Hamming graph.
  0:00:05.371    16M / 3G    INFO    General                 (main.cpp                  : 155)   Extracting clusters
  0:00:05.410    16M / 3G    INFO    General                 (main.cpp                  : 167)   Clustering done. Total clusters: 199640
  0:00:05.410    16M / 3G    INFO   K-mer Counting           (kmer_data.cpp             : 376)   Collecting K-mer information, this takes a while.
  0:00:05.412    24M / 3G    INFO   K-mer Counting           (kmer_data.cpp             : 382)   Processing /Users/cmdb/qbb2019-answers/20190913/IMPROVE_2/reads_1.fastq
  0:00:11.191    24M / 3G    INFO   K-mer Counting           (kmer_data.cpp             : 382)   Processing /Users/cmdb/qbb2019-answers/20190913/IMPROVE_2/reads_2.fastq
  0:00:16.791    24M / 3G    INFO   K-mer Counting           (kmer_data.cpp             : 389)   Collection done, postprocessing.
  0:00:16.792    24M / 3G    INFO   K-mer Counting           (kmer_data.cpp             : 403)   There are 202534 kmers in total. Among them 806 (0.397958%) are singletons.
  0:00:16.792    24M / 3G    INFO    General                 (main.cpp                  : 173)   Subclustering Hamming graph
  0:00:16.810    24M / 3G    INFO   Hamming Subclustering    (kmer_cluster.cpp          : 649)   Subclustering done. Total 0 non-read kmers were generated.
  0:00:16.810    24M / 3G    INFO   Hamming Subclustering    (kmer_cluster.cpp          : 650)   Subclustering statistics:
  0:00:16.810    24M / 3G    INFO   Hamming Subclustering    (kmer_cluster.cpp          : 651)     Total singleton hamming clusters: 197674. Among them 197562 (99.9433%) are good
  0:00:16.810    24M / 3G    INFO   Hamming Subclustering    (kmer_cluster.cpp          : 652)     Total singleton subclusters: 1897. Among them 1892 (99.7364%) are good
  0:00:16.810    24M / 3G    INFO   Hamming Subclustering    (kmer_cluster.cpp          : 653)     Total non-singleton subcluster centers: 1285. Among them 911 (70.8949%) are good
  0:00:16.810    24M / 3G    INFO   Hamming Subclustering    (kmer_cluster.cpp          : 654)     Average size of non-trivial subcluster: 3.7821 kmers
  0:00:16.810    24M / 3G    INFO   Hamming Subclustering    (kmer_cluster.cpp          : 655)     Average number of sub-clusters per non-singleton cluster: 1.61851
  0:00:16.810    24M / 3G    INFO   Hamming Subclustering    (kmer_cluster.cpp          : 656)     Total solid k-mers: 200365
  0:00:16.810    24M / 3G    INFO   Hamming Subclustering    (kmer_cluster.cpp          : 657)     Substitution probabilities: [4,4]((0.917129,0.04272,0.0331215,0.00702988),(0.0105706,0.975531,0.00606832,0.00783009),(0.00792331,0.00606476,0.975448,0.0105644),(0.00729631,0.0326983,0.042832,0.917173))
  0:00:16.810    24M / 3G    INFO    General                 (main.cpp                  : 178)   Finished clustering.
  0:00:16.810    24M / 3G    INFO    General                 (main.cpp                  : 197)   Starting solid k-mers expansion in 4 threads.
  0:00:19.655    24M / 3G    INFO    General                 (main.cpp                  : 218)   Solid k-mers iteration 0 produced 55 new k-mers.
  0:00:22.496    24M / 3G    INFO    General                 (main.cpp                  : 218)   Solid k-mers iteration 1 produced 0 new k-mers.
  0:00:22.496    24M / 3G    INFO    General                 (main.cpp                  : 222)   Solid k-mers finalized
  0:00:22.496    24M / 3G    INFO    General                 (hammer_tools.cpp          : 220)   Starting read correction in 4 threads.
  0:00:22.496    24M / 3G    INFO    General                 (hammer_tools.cpp          : 264)   Correcting single reads: /Users/cmdb/qbb2019-answers/20190913/IMPROVE_2/reads_1.fastq
  0:00:22.944   140M / 3G    INFO    General                 (hammer_tools.cpp          : 127)   Prepared batch 0 of 306174 reads.
  0:00:23.918   144M / 3G    INFO    General                 (hammer_tools.cpp          : 132)   Processed batch 0
  0:00:24.283   144M / 3G    INFO    General                 (hammer_tools.cpp          : 136)   Written batch 0
  0:00:24.364    24M / 3G    INFO    General                 (hammer_tools.cpp          : 264)   Correcting single reads: /Users/cmdb/qbb2019-answers/20190913/IMPROVE_2/reads_2.fastq
  0:00:24.801   140M / 3G    INFO    General                 (hammer_tools.cpp          : 127)   Prepared batch 0 of 306174 reads.
  0:00:25.768   148M / 3G    INFO    General                 (hammer_tools.cpp          : 132)   Processed batch 0
  0:00:26.186   148M / 3G    INFO    General                 (hammer_tools.cpp          : 136)   Written batch 0
  0:00:26.273    24M / 3G    INFO    General                 (hammer_tools.cpp          : 274)   Correction done. Changed 343 bases in 331 reads.
  0:00:26.273    24M / 3G    INFO    General                 (hammer_tools.cpp          : 275)   Failed to correct 0 bases out of 55860903.
  0:00:26.274    16M / 3G    INFO    General                 (main.cpp                  : 255)   Saving corrected dataset description to /Users/cmdb/qbb2019-answers/20190913/IMPROVE_2/corrected/corrected.yaml
  0:00:26.274    16M / 3G    INFO    General                 (main.cpp                  : 262)   All done. Exiting.

== Compressing corrected reads (with gzip)

== Dataset description file was created: /Users/cmdb/qbb2019-answers/20190913/IMPROVE_2/corrected/corrected.yaml


===== Read error correction finished. 


===== Assembling started.


== Running assembler: K21

  0:00:00.000     4M / 4M    INFO    General                 (main.cpp                  :  74)   Loaded config from /Users/cmdb/qbb2019-answers/20190913/IMPROVE_2/K21/configs/config.info
  0:00:00.000     4M / 4M    INFO    General                 (memory_limit.cpp          :  49)   Memory limit set to 250 Gb
  0:00:00.000     4M / 4M    INFO    General                 (main.cpp                  :  87)   Starting SPAdes, built from N/A, git revision N/A
  0:00:00.000     4M / 4M    INFO    General                 (main.cpp                  :  88)   Maximum k-mer length: 128
  0:00:00.000     4M / 4M    INFO    General                 (main.cpp                  :  89)   Assembling dataset (/Users/cmdb/qbb2019-answers/20190913/IMPROVE_2/dataset.info) with K=21
  0:00:00.000     4M / 4M    INFO    General                 (main.cpp                  :  90)   Maximum # of threads to use (adjusted due to OMP capabilities): 4
  0:00:00.000     4M / 4M    INFO    General                 (launch.hpp                :  52)   SPAdes started
  0:00:00.000     4M / 4M    INFO    General                 (launch.hpp                :  59)   Starting from stage: construction
  0:00:00.000     4M / 4M    INFO    General                 (launch.hpp                :  66)   Two-step RR enabled: 0
  0:00:00.000     4M / 4M    INFO   StageManager             (stage.cpp                 : 132)   STAGE == de Bruijn graph construction
  0:00:00.000     4M / 4M    INFO    General                 (read_converter.hpp        :  77)   Converting reads to binary format for library #0 (takes a while)
  0:00:00.000     4M / 4M    INFO    General                 (read_converter.hpp        :  78)   Converting paired reads
  0:00:00.055    68M / 84M   INFO    General                 (binary_converter.hpp      : 117)   0 reads written
  0:00:00.060     4M / 84M   INFO    General                 (read_converter.hpp        :  87)   Converting single reads
  0:00:00.237   136M / 164M  INFO    General                 (binary_converter.hpp      :  93)   16384 reads processed
  0:00:00.306   140M / 164M  INFO    General                 (binary_converter.hpp      :  93)   32768 reads processed
  0:00:00.443   148M / 164M  INFO    General                 (binary_converter.hpp      :  93)   65536 reads processed
  0:00:00.727   160M / 164M  INFO    General                 (binary_converter.hpp      :  93)   131072 reads processed
  0:00:01.278   192M / 192M  INFO    General                 (binary_converter.hpp      :  93)   262144 reads processed
  0:00:02.377   256M / 256M  INFO    General                 (binary_converter.hpp      :  93)   524288 reads processed
  0:00:03.549   276M / 276M  INFO    General                 (binary_converter.hpp      : 117)   612346 reads written
  0:00:03.704     4M / 276M  INFO    General                 (read_converter.hpp        :  95)   Converting merged reads
  0:00:03.812   132M / 276M  INFO    General                 (binary_converter.hpp      : 117)   0 reads written
  0:00:03.828     4M / 276M  INFO    General                 (construction.cpp          : 111)   Max read length 100
  0:00:03.828     4M / 276M  INFO    General                 (construction.cpp          : 117)   Average read length 91.2243
  0:00:03.828     4M / 276M  INFO    General                 (stage.cpp                 : 101)   PROCEDURE == k+1-mer counting
  0:00:03.829     4M / 276M  INFO    General                 (kmer_index_builder.hpp    : 117)   Splitting kmer instances into 16 files using 4 threads. This might take a while.
  0:00:03.829     4M / 276M  INFO    General                 (file_limit.hpp            :  32)   Open file limit set to 256
  0:00:03.829     4M / 276M  INFO    General                 (kmer_splitters.hpp        :  89)   Memory available for splitting buffers: 20.833 Gb
  0:00:03.829     4M / 276M  INFO    General                 (kmer_splitters.hpp        :  97)   Using cell size of 4194304
  0:00:06.215     2G / 2G    INFO    General                 (kmer_splitters.hpp        : 289)   Processed 1224692 reads
  0:00:06.216     2G / 2G    INFO    General                 (kmer_splitters.hpp        : 295)   Adding contigs from previous K
  0:00:06.249    16M / 2G    INFO    General                 (kmer_splitters.hpp        : 308)   Used 1224692 reads
  0:00:06.249    16M / 2G    INFO    General                 (kmer_index_builder.hpp    : 120)   Starting k-mer counting.
  0:00:06.272    16M / 2G    INFO    General                 (kmer_index_builder.hpp    : 127)   K-mer counting done. There are 100781 kmers in total.
  0:00:06.272    16M / 2G    INFO    General                 (kmer_index_builder.hpp    : 133)   Merging temporary buckets.
  0:00:06.288    16M / 2G    INFO    General                 (stage.cpp                 : 101)   PROCEDURE == Extension index construction
  0:00:06.288    16M / 2G    INFO   K-mer Index Building     (kmer_index_builder.hpp    : 301)   Building kmer index
  0:00:06.288    16M / 2G    INFO    General                 (kmer_index_builder.hpp    : 117)   Splitting kmer instances into 64 files using 4 threads. This might take a while.
  0:00:06.288    16M / 2G    INFO    General                 (file_limit.hpp            :  32)   Open file limit set to 256
  0:00:06.288    16M / 2G    INFO    General                 (kmer_splitters.hpp        :  89)   Memory available for splitting buffers: 20.832 Gb
  0:00:06.288    16M / 2G    INFO    General                 (kmer_splitters.hpp        :  97)   Using cell size of 1048576
  0:00:06.368     3G / 3G    INFO    General                 (kmer_splitters.hpp        : 380)   Processed 100781 kmers
  0:00:06.368     3G / 3G    INFO    General                 (kmer_splitters.hpp        : 385)   Used 100781 kmers.
  0:00:06.370    16M / 3G    INFO    General                 (kmer_index_builder.hpp    : 120)   Starting k-mer counting.
  0:00:06.453    16M / 3G    INFO    General                 (kmer_index_builder.hpp    : 127)   K-mer counting done. There are 100755 kmers in total.
  0:00:06.453    16M / 3G    INFO    General                 (kmer_index_builder.hpp    : 133)   Merging temporary buckets.
  0:00:06.493    16M / 3G    INFO   K-mer Index Building     (kmer_index_builder.hpp    : 314)   Building perfect hash indices
  0:00:06.535    16M / 3G    INFO    General                 (kmer_index_builder.hpp    : 150)   Merging final buckets.
  0:00:06.544    16M / 3G    INFO   K-mer Index Building     (kmer_index_builder.hpp    : 336)   Index built. Total 55256 bytes occupied (4.38736 bits per kmer).
  0:00:06.544    16M / 3G    INFO   DeBruijnExtensionIndexBu (kmer_extension_index_build:  99)   Building k-mer extensions from k+1-mers
  0:00:06.556    16M / 3G    INFO   DeBruijnExtensionIndexBu (kmer_extension_index_build: 103)   Building k-mer extensions from k+1-mers finished.
  0:00:06.556    16M / 3G    INFO    General                 (stage.cpp                 : 101)   PROCEDURE == Early tip clipping
  0:00:06.556    16M / 3G    INFO    General                 (construction.cpp          : 253)   Early tip clipper length bound set as (RL - K)
  0:00:06.556    16M / 3G    INFO   Early tip clipping       (early_simplification.hpp  : 181)   Early tip clipping
  0:00:06.605    16M / 3G    INFO   Early tip clipping       (early_simplification.hpp  : 184)   499 22-mers were removed by early tip clipper
  0:00:06.605    16M / 3G    INFO    General                 (stage.cpp                 : 101)   PROCEDURE == Condensing graph
  0:00:06.614    16M / 3G    INFO   UnbranchingPathExtractor (debruijn_graph_constructor: 355)   Extracting unbranching paths
  0:00:06.630    16M / 3G    INFO   UnbranchingPathExtractor (debruijn_graph_constructor: 374)   Extracting unbranching paths finished. 98 sequences extracted
  0:00:06.641    16M / 3G    INFO   UnbranchingPathExtractor (debruijn_graph_constructor: 310)   Collecting perfect loops
  0:00:06.658    16M / 3G    INFO   UnbranchingPathExtractor (debruijn_graph_constructor: 343)   Collecting perfect loops finished. 0 loops collected
  0:00:06.658    16M / 3G    INFO    General                 (stage.cpp                 : 101)   PROCEDURE == Filling coverage indices (PHM)
  0:00:06.658    16M / 3G    INFO   K-mer Index Building     (kmer_index_builder.hpp    : 301)   Building kmer index
  0:00:06.658    16M / 3G    INFO   K-mer Index Building     (kmer_index_builder.hpp    : 314)   Building perfect hash indices
  0:00:06.672    16M / 3G    INFO   K-mer Index Building     (kmer_index_builder.hpp    : 336)   Index built. Total 48904 bytes occupied (3.882 bits per kmer).
  0:00:06.672    16M / 3G    INFO    General                 (construction.cpp          : 388)   Collecting k-mer coverage information from reads, this takes a while.
  0:00:09.113    16M / 3G    INFO    General                 (construction.cpp          : 508)   Filling coverage and flanking coverage from PHM
  0:00:09.121    16M / 3G    INFO   StageManager             (stage.cpp                 : 132)   STAGE == EC Threshold Finding
  0:00:09.121    16M / 3G    INFO    General                 (kmer_coverage_model.cpp   : 181)   Kmer coverage valley at: 5
  0:00:09.121    16M / 3G    INFO    General                 (kmer_coverage_model.cpp   : 201)   K-mer histogram maximum: 418
  0:00:09.121    16M / 3G    INFO    General                 (kmer_coverage_model.cpp   : 237)   Estimated median coverage: 418. Coverage mad: 66.717
  0:00:09.121    16M / 3G    INFO    General                 (kmer_coverage_model.cpp   : 259)   Fitting coverage model
  0:00:09.219    16M / 3G    INFO    General                 (kmer_coverage_model.cpp   : 295)   ... iteration 2
  0:00:09.510    16M / 3G    INFO    General                 (kmer_coverage_model.cpp   : 295)   ... iteration 4
  0:00:10.709    16M / 3G    INFO    General                 (kmer_coverage_model.cpp   : 295)   ... iteration 8
  0:00:13.121    16M / 3G    INFO    General                 (kmer_coverage_model.cpp   : 295)   ... iteration 16
  0:00:16.195    16M / 3G    INFO    General                 (kmer_coverage_model.cpp   : 309)   Fitted mean coverage: 408.26. Fitted coverage std. dev: 68.2108
  0:00:16.201    16M / 3G    INFO    General                 (kmer_coverage_model.cpp   : 334)   Probability of erroneous kmer at valley: 0.998994
  0:00:16.201    16M / 3G    INFO    General                 (kmer_coverage_model.cpp   : 358)   Preliminary threshold calculated as: 279
  0:00:16.201    16M / 3G    INFO    General                 (kmer_coverage_model.cpp   : 362)   Threshold adjusted to: 206
  0:00:16.201    16M / 3G    INFO    General                 (kmer_coverage_model.cpp   : 375)   Estimated genome size (ignoring repeats): 98694
  0:00:16.201    16M / 3G    INFO    General                 (genomic_info_filler.cpp   : 112)   Mean coverage was calculated as 408.26
  0:00:16.201    16M / 3G    INFO    General                 (genomic_info_filler.cpp   : 127)   EC coverage threshold value was calculated as 206
  0:00:16.201    16M / 3G    INFO    General                 (genomic_info_filler.cpp   : 128)   Trusted kmer low bound: 0
  0:00:16.201    16M / 3G    INFO   StageManager             (stage.cpp                 : 132)   STAGE == Raw Simplification
  0:00:16.201    16M / 3G    INFO    General                 (simplification.cpp        : 128)   PROCEDURE == InitialCleaning
  0:00:16.201    16M / 3G    INFO    General                 (graph_simplification.hpp  : 669)   Flanking coverage based disconnection disabled
  0:00:16.201    16M / 3G    INFO   Simplification           (parallel_processing.hpp   : 165)   Running Self conjugate edge remover
  0:00:16.201    16M / 3G    INFO   Simplification           (parallel_processing.hpp   : 167)   Self conjugate edge remover triggered 0 times
  0:00:16.201    16M / 3G    INFO   Simplification           (parallel_processing.hpp   : 165)   Running Initial tip clipper
  0:00:16.202    16M / 3G    INFO   Simplification           (parallel_processing.hpp   : 167)   Initial tip clipper triggered 9 times
  0:00:16.202    16M / 3G    INFO   Simplification           (parallel_processing.hpp   : 165)   Running Initial ec remover
  0:00:16.202    16M / 3G    INFO   Simplification           (parallel_processing.hpp   : 167)   Initial ec remover triggered 1 times
  0:00:16.202    16M / 3G    INFO   Simplification           (parallel_processing.hpp   : 165)   Running Initial isolated edge remover
  0:00:16.202    16M / 3G    INFO   Simplification           (parallel_processing.hpp   : 167)   Initial isolated edge remover triggered 0 times
  0:00:16.202    16M / 3G    INFO   StageManager             (stage.cpp                 : 132)   STAGE == Simplification
  0:00:16.202    16M / 3G    INFO    General                 (simplification.cpp        : 357)   Graph simplification started
  0:00:16.202    16M / 3G    INFO    General                 (graph_simplification.hpp  : 641)   Creating parallel br instance
  0:00:16.202    16M / 3G    INFO    General                 (simplification.cpp        : 362)   PROCEDURE == Simplification cycle, iteration 1
  0:00:16.202    16M / 3G    INFO   Simplification           (parallel_processing.hpp   : 165)   Running Tip clipper
  0:00:16.202    16M / 3G    INFO   Simplification           (parallel_processing.hpp   : 167)   Tip clipper triggered 0 times
  0:00:16.202    16M / 3G    INFO   Simplification           (parallel_processing.hpp   : 165)   Running Bulge remover
  0:00:16.203    16M / 3G    INFO   Simplification           (parallel_processing.hpp   : 167)   Bulge remover triggered 12 times
  0:00:16.203    16M / 3G    INFO   Simplification           (parallel_processing.hpp   : 165)   Running Low coverage edge remover
  0:00:16.204    16M / 3G    INFO   Simplification           (parallel_processing.hpp   : 167)   Low coverage edge remover triggered 4 times
  0:00:16.204    16M / 3G    INFO    General                 (simplification.cpp        : 362)   PROCEDURE == Simplification cycle, iteration 2
  0:00:16.204    16M / 3G    INFO   Simplification           (parallel_processing.hpp   : 165)   Running Tip clipper
  0:00:16.204    16M / 3G    INFO   Simplification           (parallel_processing.hpp   : 167)   Tip clipper triggered 1 times
  0:00:16.204    16M / 3G    INFO   Simplification           (parallel_processing.hpp   : 165)   Running Bulge remover
  0:00:16.204    16M / 3G    INFO   Simplification           (parallel_processing.hpp   : 167)   Bulge remover triggered 3 times
  0:00:16.204    16M / 3G    INFO   Simplification           (parallel_processing.hpp   : 165)   Running Low coverage edge remover
  0:00:16.204    16M / 3G    INFO   Simplification           (parallel_processing.hpp   : 167)   Low coverage edge remover triggered 0 times
  0:00:16.204    16M / 3G    INFO    General                 (simplification.cpp        : 362)   PROCEDURE == Simplification cycle, iteration 3
  0:00:16.204    16M / 3G    INFO   Simplification           (parallel_processing.hpp   : 165)   Running Tip clipper
  0:00:16.204    16M / 3G    INFO   Simplification           (parallel_processing.hpp   : 167)   Tip clipper triggered 0 times
  0:00:16.204    16M / 3G    INFO   Simplification           (parallel_processing.hpp   : 165)   Running Bulge remover
  0:00:16.204    16M / 3G    INFO   Simplification           (parallel_processing.hpp   : 167)   Bulge remover triggered 0 times
  0:00:16.204    16M / 3G    INFO   Simplification           (parallel_processing.hpp   : 165)   Running Low coverage edge remover
  0:00:16.204    16M / 3G    INFO   Simplification           (parallel_processing.hpp   : 167)   Low coverage edge remover triggered 0 times
  0:00:16.204    16M / 3G    INFO    General                 (simplification.cpp        : 362)   PROCEDURE == Simplification cycle, iteration 4
  0:00:16.204    16M / 3G    INFO   Simplification           (parallel_processing.hpp   : 165)   Running Tip clipper
  0:00:16.204    16M / 3G    INFO   Simplification           (parallel_processing.hpp   : 167)   Tip clipper triggered 0 times
  0:00:16.204    16M / 3G    INFO   Simplification           (parallel_processing.hpp   : 165)   Running Bulge remover
  0:00:16.204    16M / 3G    INFO   Simplification           (parallel_processing.hpp   : 167)   Bulge remover triggered 0 times
  0:00:16.204    16M / 3G    INFO   Simplification           (parallel_processing.hpp   : 165)   Running Low coverage edge remover
  0:00:16.204    16M / 3G    INFO   Simplification           (parallel_processing.hpp   : 167)   Low coverage edge remover triggered 0 times
  0:00:16.204    16M / 3G    INFO    General                 (simplification.cpp        : 362)   PROCEDURE == Simplification cycle, iteration 5
  0:00:16.204    16M / 3G    INFO   Simplification           (parallel_processing.hpp   : 165)   Running Tip clipper
  0:00:16.204    16M / 3G    INFO   Simplification           (parallel_processing.hpp   : 167)   Tip clipper triggered 0 times
  0:00:16.204    16M / 3G    INFO   Simplification           (parallel_processing.hpp   : 165)   Running Bulge remover
  0:00:16.204    16M / 3G    INFO   Simplification           (parallel_processing.hpp   : 167)   Bulge remover triggered 0 times
  0:00:16.204    16M / 3G    INFO   Simplification           (parallel_processing.hpp   : 165)   Running Low coverage edge remover
  0:00:16.204    16M / 3G    INFO   Simplification           (parallel_processing.hpp   : 167)   Low coverage edge remover triggered 0 times
  0:00:16.204    16M / 3G    INFO    General                 (simplification.cpp        : 362)   PROCEDURE == Simplification cycle, iteration 6
  0:00:16.204    16M / 3G    INFO   Simplification           (parallel_processing.hpp   : 165)   Running Tip clipper
  0:00:16.204    16M / 3G    INFO   Simplification           (parallel_processing.hpp   : 167)   Tip clipper triggered 0 times
  0:00:16.204    16M / 3G    INFO   Simplification           (parallel_processing.hpp   : 165)   Running Bulge remover
  0:00:16.204    16M / 3G    INFO   Simplification           (parallel_processing.hpp   : 167)   Bulge remover triggered 0 times
  0:00:16.204    16M / 3G    INFO   Simplification           (parallel_processing.hpp   : 165)   Running Low coverage edge remover
  0:00:16.204    16M / 3G    INFO   Simplification           (parallel_processing.hpp   : 167)   Low coverage edge remover triggered 0 times
  0:00:16.204    16M / 3G    INFO    General                 (simplification.cpp        : 362)   PROCEDURE == Simplification cycle, iteration 7
  0:00:16.204    16M / 3G    INFO   Simplification           (parallel_processing.hpp   : 165)   Running Tip clipper
  0:00:16.204    16M / 3G    INFO   Simplification           (parallel_processing.hpp   : 167)   Tip clipper triggered 0 times
  0:00:16.204    16M / 3G    INFO   Simplification           (parallel_processing.hpp   : 165)   Running Bulge remover
  0:00:16.204    16M / 3G    INFO   Simplification           (parallel_processing.hpp   : 167)   Bulge remover triggered 0 times
  0:00:16.204    16M / 3G    INFO   Simplification           (parallel_processing.hpp   : 165)   Running Low coverage edge remover
  0:00:16.204    16M / 3G    INFO   Simplification           (parallel_processing.hpp   : 167)   Low coverage edge remover triggered 0 times
  0:00:16.204    16M / 3G    INFO    General                 (simplification.cpp        : 362)   PROCEDURE == Simplification cycle, iteration 8
  0:00:16.204    16M / 3G    INFO   Simplification           (parallel_processing.hpp   : 165)   Running Tip clipper
  0:00:16.204    16M / 3G    INFO   Simplification           (parallel_processing.hpp   : 167)   Tip clipper triggered 0 times
  0:00:16.204    16M / 3G    INFO   Simplification           (parallel_processing.hpp   : 165)   Running Bulge remover
  0:00:16.204    16M / 3G    INFO   Simplification           (parallel_processing.hpp   : 167)   Bulge remover triggered 0 times
  0:00:16.204    16M / 3G    INFO   Simplification           (parallel_processing.hpp   : 165)   Running Low coverage edge remover
  0:00:16.204    16M / 3G    INFO   Simplification           (parallel_processing.hpp   : 167)   Low coverage edge remover triggered 0 times
  0:00:16.204    16M / 3G    INFO    General                 (simplification.cpp        : 362)   PROCEDURE == Simplification cycle, iteration 9
  0:00:16.204    16M / 3G    INFO   Simplification           (parallel_processing.hpp   : 165)   Running Tip clipper
  0:00:16.204    16M / 3G    INFO   Simplification           (parallel_processing.hpp   : 167)   Tip clipper triggered 0 times
  0:00:16.204    16M / 3G    INFO   Simplification           (parallel_processing.hpp   : 165)   Running Bulge remover
  0:00:16.204    16M / 3G    INFO   Simplification           (parallel_processing.hpp   : 167)   Bulge remover triggered 0 times
  0:00:16.204    16M / 3G    INFO   Simplification           (parallel_processing.hpp   : 165)   Running Low coverage edge remover
  0:00:16.204    16M / 3G    INFO   Simplification           (parallel_processing.hpp   : 167)   Low coverage edge remover triggered 0 times
  0:00:16.204    16M / 3G    INFO    General                 (simplification.cpp        : 362)   PROCEDURE == Simplification cycle, iteration 10
  0:00:16.204    16M / 3G    INFO   Simplification           (parallel_processing.hpp   : 165)   Running Tip clipper
  0:00:16.204    16M / 3G    INFO   Simplification           (parallel_processing.hpp   : 167)   Tip clipper triggered 0 times
  0:00:16.204    16M / 3G    INFO   Simplification           (parallel_processing.hpp   : 165)   Running Bulge remover
  0:00:16.204    16M / 3G    INFO   Simplification           (parallel_processing.hpp   : 167)   Bulge remover triggered 0 times
  0:00:16.204    16M / 3G    INFO   Simplification           (parallel_processing.hpp   : 165)   Running Low coverage edge remover
  0:00:16.204    16M / 3G    INFO   Simplification           (parallel_processing.hpp   : 167)   Low coverage edge remover triggered 0 times
  0:00:16.204    16M / 3G    INFO    General                 (simplification.cpp        : 362)   PROCEDURE == Simplification cycle, iteration 11
  0:00:16.204    16M / 3G    INFO   Simplification           (parallel_processing.hpp   : 165)   Running Tip clipper
  0:00:16.204    16M / 3G    INFO   Simplification           (parallel_processing.hpp   : 167)   Tip clipper triggered 0 times
  0:00:16.204    16M / 3G    INFO   Simplification           (parallel_processing.hpp   : 165)   Running Bulge remover
  0:00:16.205    16M / 3G    INFO   Simplification           (parallel_processing.hpp   : 167)   Bulge remover triggered 0 times
  0:00:16.205    16M / 3G    INFO   Simplification           (parallel_processing.hpp   : 165)   Running Low coverage edge remover
  0:00:16.205    16M / 3G    INFO   Simplification           (parallel_processing.hpp   : 167)   Low coverage edge remover triggered 0 times
  0:00:16.205    16M / 3G    INFO   StageManager             (stage.cpp                 : 132)   STAGE == Simplification Cleanup
  0:00:16.205    16M / 3G    INFO    General                 (simplification.cpp        : 196)   PROCEDURE == Post simplification
  0:00:16.205    16M / 3G    INFO    General                 (graph_simplification.hpp  : 458)   Disconnection of relatively low covered edges disabled
  0:00:16.205    16M / 3G    INFO    General                 (graph_simplification.hpp  : 494)   Complex tip clipping disabled
  0:00:16.205    16M / 3G    INFO    General                 (graph_simplification.hpp  : 641)   Creating parallel br instance
  0:00:16.205    16M / 3G    INFO   Simplification           (parallel_processing.hpp   : 165)   Running Tip clipper
  0:00:16.205    16M / 3G    INFO   Simplification           (parallel_processing.hpp   : 167)   Tip clipper triggered 0 times
  0:00:16.205    16M / 3G    INFO   Simplification           (parallel_processing.hpp   : 165)   Running Bulge remover
  0:00:16.205    16M / 3G    INFO   Simplification           (parallel_processing.hpp   : 167)   Bulge remover triggered 0 times
  0:00:16.205    16M / 3G    INFO   Simplification           (parallel_processing.hpp   : 165)   Running Tip clipper
  0:00:16.205    16M / 3G    INFO   Simplification           (parallel_processing.hpp   : 167)   Tip clipper triggered 0 times
  0:00:16.205    16M / 3G    INFO   Simplification           (parallel_processing.hpp   : 165)   Running Bulge remover
  0:00:16.205    16M / 3G    INFO   Simplification           (parallel_processing.hpp   : 167)   Bulge remover triggered 0 times
  0:00:16.205    16M / 3G    INFO    General                 (simplification.cpp        : 330)   Disrupting self-conjugate edges
  0:00:16.205    16M / 3G    INFO   Simplification           (parallel_processing.hpp   : 165)   Running Removing isolated edges
  0:00:16.205    16M / 3G    INFO   Simplification           (parallel_processing.hpp   : 167)   Removing isolated edges triggered 0 times
  0:00:16.205    16M / 3G    INFO    General                 (simplification.cpp        : 470)   Counting average coverage
  0:00:16.205    16M / 3G    INFO    General                 (simplification.cpp        : 476)   Average coverage = 430.552
  0:00:16.205    16M / 3G    INFO   StageManager             (stage.cpp                 : 132)   STAGE == Contig Output
  0:00:16.205    16M / 3G    INFO    General                 (contig_output.hpp         :  22)   Outputting contigs to /Users/cmdb/qbb2019-answers/20190913/IMPROVE_2//K21/simplified_contigs.fasta
  0:00:16.209    16M / 3G    INFO    General                 (launch.hpp                : 151)   SPAdes finished
  0:00:16.209    16M / 3G    INFO    General                 (main.cpp                  : 109)   Assembling time: 0 hours 0 minutes 16 seconds
Max read length detected as 100

== Running assembler: K33

  0:00:00.000     4M / 4M    INFO    General                 (main.cpp                  :  74)   Loaded config from /Users/cmdb/qbb2019-answers/20190913/IMPROVE_2/K33/configs/config.info
  0:00:00.000     4M / 4M    INFO    General                 (memory_limit.cpp          :  49)   Memory limit set to 250 Gb
  0:00:00.000     4M / 4M    INFO    General                 (main.cpp                  :  87)   Starting SPAdes, built from N/A, git revision N/A
  0:00:00.000     4M / 4M    INFO    General                 (main.cpp                  :  88)   Maximum k-mer length: 128
  0:00:00.000     4M / 4M    INFO    General                 (main.cpp                  :  89)   Assembling dataset (/Users/cmdb/qbb2019-answers/20190913/IMPROVE_2/dataset.info) with K=33
  0:00:00.000     4M / 4M    INFO    General                 (main.cpp                  :  90)   Maximum # of threads to use (adjusted due to OMP capabilities): 4
  0:00:00.000     4M / 4M    INFO    General                 (launch.hpp                :  52)   SPAdes started
  0:00:00.000     4M / 4M    INFO    General                 (launch.hpp                :  59)   Starting from stage: construction
  0:00:00.000     4M / 4M    INFO    General                 (launch.hpp                :  66)   Two-step RR enabled: 0
  0:00:00.000     4M / 4M    INFO   StageManager             (stage.cpp                 : 132)   STAGE == de Bruijn graph construction
  0:00:00.001     4M / 4M    INFO    General                 (read_converter.hpp        :  59)   Binary reads detected
  0:00:00.004     4M / 4M    INFO    General                 (construction.cpp          : 111)   Max read length 100
  0:00:00.004     4M / 4M    INFO    General                 (construction.cpp          : 117)   Average read length 91.2243
  0:00:00.004     4M / 4M    INFO    General                 (stage.cpp                 : 101)   PROCEDURE == k+1-mer counting
  0:00:00.004     4M / 4M    INFO    General                 (kmer_index_builder.hpp    : 117)   Splitting kmer instances into 16 files using 4 threads. This might take a while.
  0:00:00.004     4M / 4M    INFO    General                 (file_limit.hpp            :  32)   Open file limit set to 256
  0:00:00.004     4M / 4M    INFO    General                 (kmer_splitters.hpp        :  89)   Memory available for splitting buffers: 20.833 Gb
  0:00:00.004     4M / 4M    INFO    General                 (kmer_splitters.hpp        :  97)   Using cell size of 2097152
  0:00:02.238     2G / 2G    INFO    General                 (kmer_splitters.hpp        : 289)   Processed 1224692 reads
  0:00:02.238     2G / 2G    INFO    General                 (kmer_splitters.hpp        : 295)   Adding contigs from previous K
  0:00:02.319    16M / 2G    INFO    General                 (kmer_splitters.hpp        : 308)   Used 1224692 reads
  0:00:02.319    16M / 2G    INFO    General                 (kmer_index_builder.hpp    : 120)   Starting k-mer counting.
  0:00:02.346    16M / 2G    INFO    General                 (kmer_index_builder.hpp    : 127)   K-mer counting done. There are 101084 kmers in total.
  0:00:02.346    16M / 2G    INFO    General                 (kmer_index_builder.hpp    : 133)   Merging temporary buckets.
  0:00:02.360    16M / 2G    INFO    General                 (stage.cpp                 : 101)   PROCEDURE == Extension index construction
  0:00:02.361    16M / 2G    INFO   K-mer Index Building     (kmer_index_builder.hpp    : 301)   Building kmer index
  0:00:02.361    16M / 2G    INFO    General                 (kmer_index_builder.hpp    : 117)   Splitting kmer instances into 64 files using 4 threads. This might take a while.
  0:00:02.361    16M / 2G    INFO    General                 (file_limit.hpp            :  32)   Open file limit set to 256
  0:00:02.361    16M / 2G    INFO    General                 (kmer_splitters.hpp        :  89)   Memory available for splitting buffers: 20.832 Gb
  0:00:02.361    16M / 2G    INFO    General                 (kmer_splitters.hpp        :  97)   Using cell size of 524288
  0:00:02.413     3G / 3G    INFO    General                 (kmer_splitters.hpp        : 380)   Processed 101084 kmers
  0:00:02.413     3G / 3G    INFO    General                 (kmer_splitters.hpp        : 385)   Used 101084 kmers.
  0:00:02.414    16M / 3G    INFO    General                 (kmer_index_builder.hpp    : 120)   Starting k-mer counting.
  0:00:02.474    16M / 3G    INFO    General                 (kmer_index_builder.hpp    : 127)   K-mer counting done. There are 101061 kmers in total.
  0:00:02.474    16M / 3G    INFO    General                 (kmer_index_builder.hpp    : 133)   Merging temporary buckets.
  0:00:02.508    16M / 3G    INFO   K-mer Index Building     (kmer_index_builder.hpp    : 314)   Building perfect hash indices
  0:00:02.533    16M / 3G    INFO    General                 (kmer_index_builder.hpp    : 150)   Merging final buckets.
  0:00:02.541    16M / 3G    INFO   K-mer Index Building     (kmer_index_builder.hpp    : 336)   Index built. Total 55440 bytes occupied (4.38864 bits per kmer).
  0:00:02.541    16M / 3G    INFO   DeBruijnExtensionIndexBu (kmer_extension_index_build:  99)   Building k-mer extensions from k+1-mers
  0:00:02.551    16M / 3G    INFO   DeBruijnExtensionIndexBu (kmer_extension_index_build: 103)   Building k-mer extensions from k+1-mers finished.
  0:00:02.551    16M / 3G    INFO    General                 (stage.cpp                 : 101)   PROCEDURE == Early tip clipping
  0:00:02.551    16M / 3G    INFO    General                 (construction.cpp          : 253)   Early tip clipper length bound set as (RL - K)
  0:00:02.551    16M / 3G    INFO   Early tip clipping       (early_simplification.hpp  : 181)   Early tip clipping
  0:00:02.584    16M / 3G    INFO   Early tip clipping       (early_simplification.hpp  : 184)   525 34-mers were removed by early tip clipper
  0:00:02.584    16M / 3G    INFO    General                 (stage.cpp                 : 101)   PROCEDURE == Condensing graph
  0:00:02.591    16M / 3G    INFO   UnbranchingPathExtractor (debruijn_graph_constructor: 355)   Extracting unbranching paths
  0:00:02.610    16M / 3G    INFO   UnbranchingPathExtractor (debruijn_graph_constructor: 374)   Extracting unbranching paths finished. 92 sequences extracted
  0:00:02.622    16M / 3G    INFO   UnbranchingPathExtractor (debruijn_graph_constructor: 310)   Collecting perfect loops
  0:00:02.632    16M / 3G    INFO   UnbranchingPathExtractor (debruijn_graph_constructor: 343)   Collecting perfect loops finished. 0 loops collected
  0:00:02.632    16M / 3G    INFO    General                 (stage.cpp                 : 101)   PROCEDURE == Filling coverage indices (PHM)
  0:00:02.632    16M / 3G    INFO   K-mer Index Building     (kmer_index_builder.hpp    : 301)   Building kmer index
  0:00:02.632    16M / 3G    INFO   K-mer Index Building     (kmer_index_builder.hpp    : 314)   Building perfect hash indices
  0:00:02.640    16M / 3G    INFO   K-mer Index Building     (kmer_index_builder.hpp    : 336)   Index built. Total 49048 bytes occupied (3.88176 bits per kmer).
  0:00:02.641    16M / 3G    INFO    General                 (construction.cpp          : 388)   Collecting k-mer coverage information from reads, this takes a while.
  0:00:04.534    16M / 3G    INFO    General                 (construction.cpp          : 508)   Filling coverage and flanking coverage from PHM
  0:00:04.542    16M / 3G    INFO   StageManager             (stage.cpp                 : 132)   STAGE == EC Threshold Finding
  0:00:04.543    16M / 3G    INFO    General                 (kmer_coverage_model.cpp   : 181)   Kmer coverage valley at: 8
  0:00:04.543    16M / 3G    INFO    General                 (kmer_coverage_model.cpp   : 201)   K-mer histogram maximum: 353
  0:00:04.543    16M / 3G    INFO    General                 (kmer_coverage_model.cpp   : 237)   Estimated median coverage: 353. Coverage mad: 60.7866
  0:00:04.543    16M / 3G    INFO    General                 (kmer_coverage_model.cpp   : 259)   Fitting coverage model
  0:00:04.635    16M / 3G    INFO    General                 (kmer_coverage_model.cpp   : 295)   ... iteration 2
  0:00:04.894    16M / 3G    INFO    General                 (kmer_coverage_model.cpp   : 295)   ... iteration 4
  0:00:05.890    16M / 3G    INFO    General                 (kmer_coverage_model.cpp   : 295)   ... iteration 8
  0:00:07.947    16M / 3G    INFO    General                 (kmer_coverage_model.cpp   : 295)   ... iteration 16
  0:00:11.150    16M / 3G    INFO    General                 (kmer_coverage_model.cpp   : 309)   Fitted mean coverage: 338.937. Fitted coverage std. dev: 63.428
  0:00:11.154    16M / 3G    INFO    General                 (kmer_coverage_model.cpp   : 334)   Probability of erroneous kmer at valley: 0.993333
  0:00:11.154    16M / 3G    INFO    General                 (kmer_coverage_model.cpp   : 358)   Preliminary threshold calculated as: 233
  0:00:11.154    16M / 3G    INFO    General                 (kmer_coverage_model.cpp   : 362)   Threshold adjusted to: 173
  0:00:11.154    16M / 3G    INFO    General                 (kmer_coverage_model.cpp   : 375)   Estimated genome size (ignoring repeats): 97855
  0:00:11.154    16M / 3G    INFO    General                 (genomic_info_filler.cpp   : 112)   Mean coverage was calculated as 338.937
  0:00:11.154    16M / 3G    INFO    General                 (genomic_info_filler.cpp   : 127)   EC coverage threshold value was calculated as 173
  0:00:11.154    16M / 3G    INFO    General                 (genomic_info_filler.cpp   : 128)   Trusted kmer low bound: 0
  0:00:11.154    16M / 3G    INFO   StageManager             (stage.cpp                 : 132)   STAGE == Raw Simplification
  0:00:11.154    16M / 3G    INFO    General                 (simplification.cpp        : 128)   PROCEDURE == InitialCleaning
  0:00:11.154    16M / 3G    INFO    General                 (graph_simplification.hpp  : 669)   Flanking coverage based disconnection disabled
  0:00:11.154    16M / 3G    INFO   Simplification           (parallel_processing.hpp   : 165)   Running Self conjugate edge remover
  0:00:11.155    16M / 3G    INFO   Simplification           (parallel_processing.hpp   : 167)   Self conjugate edge remover triggered 0 times
  0:00:11.155    16M / 3G    INFO   Simplification           (parallel_processing.hpp   : 165)   Running Initial tip clipper
  0:00:11.155    16M / 3G    INFO   Simplification           (parallel_processing.hpp   : 167)   Initial tip clipper triggered 9 times
  0:00:11.155    16M / 3G    INFO   Simplification           (parallel_processing.hpp   : 165)   Running Initial ec remover
  0:00:11.155    16M / 3G    INFO   Simplification           (parallel_processing.hpp   : 167)   Initial ec remover triggered 1 times
  0:00:11.155    16M / 3G    INFO   Simplification           (parallel_processing.hpp   : 165)   Running Initial isolated edge remover
  0:00:11.155    16M / 3G    INFO   Simplification           (parallel_processing.hpp   : 167)   Initial isolated edge remover triggered 0 times
  0:00:11.156    16M / 3G    INFO   StageManager             (stage.cpp                 : 132)   STAGE == Simplification
  0:00:11.156    16M / 3G    INFO    General                 (simplification.cpp        : 357)   Graph simplification started
  0:00:11.156    16M / 3G    INFO    General                 (graph_simplification.hpp  : 641)   Creating parallel br instance
  0:00:11.156    16M / 3G    INFO    General                 (simplification.cpp        : 362)   PROCEDURE == Simplification cycle, iteration 1
  0:00:11.156    16M / 3G    INFO   Simplification           (parallel_processing.hpp   : 165)   Running Tip clipper
  0:00:11.156    16M / 3G    INFO   Simplification           (parallel_processing.hpp   : 167)   Tip clipper triggered 0 times
  0:00:11.156    16M / 3G    INFO   Simplification           (parallel_processing.hpp   : 165)   Running Bulge remover
  0:00:11.157    16M / 3G    INFO   Simplification           (parallel_processing.hpp   : 167)   Bulge remover triggered 11 times
  0:00:11.158    16M / 3G    INFO   Simplification           (parallel_processing.hpp   : 165)   Running Low coverage edge remover
  0:00:11.158    16M / 3G    INFO   Simplification           (parallel_processing.hpp   : 167)   Low coverage edge remover triggered 4 times
  0:00:11.158    16M / 3G    INFO    General                 (simplification.cpp        : 362)   PROCEDURE == Simplification cycle, iteration 2
  0:00:11.158    16M / 3G    INFO   Simplification           (parallel_processing.hpp   : 165)   Running Tip clipper
  0:00:11.158    16M / 3G    INFO   Simplification           (parallel_processing.hpp   : 167)   Tip clipper triggered 0 times
  0:00:11.158    16M / 3G    INFO   Simplification           (parallel_processing.hpp   : 165)   Running Bulge remover
  0:00:11.159    16M / 3G    INFO   Simplification           (parallel_processing.hpp   : 167)   Bulge remover triggered 3 times
  0:00:11.159    16M / 3G    INFO   Simplification           (parallel_processing.hpp   : 165)   Running Low coverage edge remover
  0:00:11.159    16M / 3G    INFO   Simplification           (parallel_processing.hpp   : 167)   Low coverage edge remover triggered 1 times
  0:00:11.159    16M / 3G    INFO    General                 (simplification.cpp        : 362)   PROCEDURE == Simplification cycle, iteration 3
  0:00:11.159    16M / 3G    INFO   Simplification           (parallel_processing.hpp   : 165)   Running Tip clipper
  0:00:11.159    16M / 3G    INFO   Simplification           (parallel_processing.hpp   : 167)   Tip clipper triggered 1 times
  0:00:11.159    16M / 3G    INFO   Simplification           (parallel_processing.hpp   : 165)   Running Bulge remover
  0:00:11.160    16M / 3G    INFO   Simplification           (parallel_processing.hpp   : 167)   Bulge remover triggered 1 times
  0:00:11.160    16M / 3G    INFO   Simplification           (parallel_processing.hpp   : 165)   Running Low coverage edge remover
  0:00:11.160    16M / 3G    INFO   Simplification           (parallel_processing.hpp   : 167)   Low coverage edge remover triggered 0 times
  0:00:11.160    16M / 3G    INFO    General                 (simplification.cpp        : 362)   PROCEDURE == Simplification cycle, iteration 4
  0:00:11.160    16M / 3G    INFO   Simplification           (parallel_processing.hpp   : 165)   Running Tip clipper
  0:00:11.160    16M / 3G    INFO   Simplification           (parallel_processing.hpp   : 167)   Tip clipper triggered 0 times
  0:00:11.160    16M / 3G    INFO   Simplification           (parallel_processing.hpp   : 165)   Running Bulge remover
  0:00:11.160    16M / 3G    INFO   Simplification           (parallel_processing.hpp   : 167)   Bulge remover triggered 0 times
  0:00:11.160    16M / 3G    INFO   Simplification           (parallel_processing.hpp   : 165)   Running Low coverage edge remover
  0:00:11.160    16M / 3G    INFO   Simplification           (parallel_processing.hpp   : 167)   Low coverage edge remover triggered 0 times
  0:00:11.160    16M / 3G    INFO    General                 (simplification.cpp        : 362)   PROCEDURE == Simplification cycle, iteration 5
  0:00:11.160    16M / 3G    INFO   Simplification           (parallel_processing.hpp   : 165)   Running Tip clipper
  0:00:11.160    16M / 3G    INFO   Simplification           (parallel_processing.hpp   : 167)   Tip clipper triggered 0 times
  0:00:11.160    16M / 3G    INFO   Simplification           (parallel_processing.hpp   : 165)   Running Bulge remover
  0:00:11.160    16M / 3G    INFO   Simplification           (parallel_processing.hpp   : 167)   Bulge remover triggered 0 times
  0:00:11.160    16M / 3G    INFO   Simplification           (parallel_processing.hpp   : 165)   Running Low coverage edge remover
  0:00:11.160    16M / 3G    INFO   Simplification           (parallel_processing.hpp   : 167)   Low coverage edge remover triggered 0 times
  0:00:11.160    16M / 3G    INFO    General                 (simplification.cpp        : 362)   PROCEDURE == Simplification cycle, iteration 6
  0:00:11.160    16M / 3G    INFO   Simplification           (parallel_processing.hpp   : 165)   Running Tip clipper
  0:00:11.160    16M / 3G    INFO   Simplification           (parallel_processing.hpp   : 167)   Tip clipper triggered 0 times
  0:00:11.160    16M / 3G    INFO   Simplification           (parallel_processing.hpp   : 165)   Running Bulge remover
  0:00:11.160    16M / 3G    INFO   Simplification           (parallel_processing.hpp   : 167)   Bulge remover triggered 0 times
  0:00:11.160    16M / 3G    INFO   Simplification           (parallel_processing.hpp   : 165)   Running Low coverage edge remover
  0:00:11.160    16M / 3G    INFO   Simplification           (parallel_processing.hpp   : 167)   Low coverage edge remover triggered 0 times
  0:00:11.160    16M / 3G    INFO    General                 (simplification.cpp        : 362)   PROCEDURE == Simplification cycle, iteration 7
  0:00:11.160    16M / 3G    INFO   Simplification           (parallel_processing.hpp   : 165)   Running Tip clipper
  0:00:11.160    16M / 3G    INFO   Simplification           (parallel_processing.hpp   : 167)   Tip clipper triggered 0 times
  0:00:11.160    16M / 3G    INFO   Simplification           (parallel_processing.hpp   : 165)   Running Bulge remover
  0:00:11.160    16M / 3G    INFO   Simplification           (parallel_processing.hpp   : 167)   Bulge remover triggered 0 times
  0:00:11.160    16M / 3G    INFO   Simplification           (parallel_processing.hpp   : 165)   Running Low coverage edge remover
  0:00:11.160    16M / 3G    INFO   Simplification           (parallel_processing.hpp   : 167)   Low coverage edge remover triggered 0 times
  0:00:11.160    16M / 3G    INFO    General                 (simplification.cpp        : 362)   PROCEDURE == Simplification cycle, iteration 8
  0:00:11.160    16M / 3G    INFO   Simplification           (parallel_processing.hpp   : 165)   Running Tip clipper
  0:00:11.160    16M / 3G    INFO   Simplification           (parallel_processing.hpp   : 167)   Tip clipper triggered 0 times
  0:00:11.160    16M / 3G    INFO   Simplification           (parallel_processing.hpp   : 165)   Running Bulge remover
  0:00:11.160    16M / 3G    INFO   Simplification           (parallel_processing.hpp   : 167)   Bulge remover triggered 0 times
  0:00:11.160    16M / 3G    INFO   Simplification           (parallel_processing.hpp   : 165)   Running Low coverage edge remover
  0:00:11.160    16M / 3G    INFO   Simplification           (parallel_processing.hpp   : 167)   Low coverage edge remover triggered 0 times
  0:00:11.160    16M / 3G    INFO    General                 (simplification.cpp        : 362)   PROCEDURE == Simplification cycle, iteration 9
  0:00:11.160    16M / 3G    INFO   Simplification           (parallel_processing.hpp   : 165)   Running Tip clipper
  0:00:11.160    16M / 3G    INFO   Simplification           (parallel_processing.hpp   : 167)   Tip clipper triggered 0 times
  0:00:11.160    16M / 3G    INFO   Simplification           (parallel_processing.hpp   : 165)   Running Bulge remover
  0:00:11.160    16M / 3G    INFO   Simplification           (parallel_processing.hpp   : 167)   Bulge remover triggered 0 times
  0:00:11.160    16M / 3G    INFO   Simplification           (parallel_processing.hpp   : 165)   Running Low coverage edge remover
  0:00:11.160    16M / 3G    INFO   Simplification           (parallel_processing.hpp   : 167)   Low coverage edge remover triggered 0 times
  0:00:11.160    16M / 3G    INFO    General                 (simplification.cpp        : 362)   PROCEDURE == Simplification cycle, iteration 10
  0:00:11.160    16M / 3G    INFO   Simplification           (parallel_processing.hpp   : 165)   Running Tip clipper
  0:00:11.160    16M / 3G    INFO   Simplification           (parallel_processing.hpp   : 167)   Tip clipper triggered 0 times
  0:00:11.160    16M / 3G    INFO   Simplification           (parallel_processing.hpp   : 165)   Running Bulge remover
  0:00:11.160    16M / 3G    INFO   Simplification           (parallel_processing.hpp   : 167)   Bulge remover triggered 0 times
  0:00:11.160    16M / 3G    INFO   Simplification           (parallel_processing.hpp   : 165)   Running Low coverage edge remover
  0:00:11.160    16M / 3G    INFO   Simplification           (parallel_processing.hpp   : 167)   Low coverage edge remover triggered 0 times
  0:00:11.160    16M / 3G    INFO    General                 (simplification.cpp        : 362)   PROCEDURE == Simplification cycle, iteration 11
  0:00:11.160    16M / 3G    INFO   Simplification           (parallel_processing.hpp   : 165)   Running Tip clipper
  0:00:11.160    16M / 3G    INFO   Simplification           (parallel_processing.hpp   : 167)   Tip clipper triggered 0 times
  0:00:11.160    16M / 3G    INFO   Simplification           (parallel_processing.hpp   : 165)   Running Bulge remover
  0:00:11.160    16M / 3G    INFO   Simplification           (parallel_processing.hpp   : 167)   Bulge remover triggered 0 times
  0:00:11.160    16M / 3G    INFO   Simplification           (parallel_processing.hpp   : 165)   Running Low coverage edge remover
  0:00:11.160    16M / 3G    INFO   Simplification           (parallel_processing.hpp   : 167)   Low coverage edge remover triggered 0 times
  0:00:11.160    16M / 3G    INFO   StageManager             (stage.cpp                 : 132)   STAGE == Simplification Cleanup
  0:00:11.160    16M / 3G    INFO    General                 (simplification.cpp        : 196)   PROCEDURE == Post simplification
  0:00:11.160    16M / 3G    INFO    General                 (graph_simplification.hpp  : 458)   Disconnection of relatively low covered edges disabled
  0:00:11.160    16M / 3G    INFO    General                 (graph_simplification.hpp  : 494)   Complex tip clipping disabled
  0:00:11.160    16M / 3G    INFO    General                 (graph_simplification.hpp  : 641)   Creating parallel br instance
  0:00:11.160    16M / 3G    INFO   Simplification           (parallel_processing.hpp   : 165)   Running Tip clipper
  0:00:11.160    16M / 3G    INFO   Simplification           (parallel_processing.hpp   : 167)   Tip clipper triggered 0 times
  0:00:11.160    16M / 3G    INFO   Simplification           (parallel_processing.hpp   : 165)   Running Bulge remover
  0:00:11.160    16M / 3G    INFO   Simplification           (parallel_processing.hpp   : 167)   Bulge remover triggered 0 times
  0:00:11.160    16M / 3G    INFO   Simplification           (parallel_processing.hpp   : 165)   Running Tip clipper
  0:00:11.161    16M / 3G    INFO   Simplification           (parallel_processing.hpp   : 167)   Tip clipper triggered 0 times
  0:00:11.161    16M / 3G    INFO   Simplification           (parallel_processing.hpp   : 165)   Running Bulge remover
  0:00:11.161    16M / 3G    INFO   Simplification           (parallel_processing.hpp   : 167)   Bulge remover triggered 0 times
  0:00:11.161    16M / 3G    INFO    General                 (simplification.cpp        : 330)   Disrupting self-conjugate edges
  0:00:11.161    16M / 3G    INFO   Simplification           (parallel_processing.hpp   : 165)   Running Removing isolated edges
  0:00:11.161    16M / 3G    INFO   Simplification           (parallel_processing.hpp   : 167)   Removing isolated edges triggered 0 times
  0:00:11.161    16M / 3G    INFO    General                 (simplification.cpp        : 470)   Counting average coverage
  0:00:11.161    16M / 3G    INFO    General                 (simplification.cpp        : 476)   Average coverage = 356.895
  0:00:11.161    16M / 3G    INFO   StageManager             (stage.cpp                 : 132)   STAGE == Contig Output
  0:00:11.161    16M / 3G    INFO    General                 (contig_output.hpp         :  22)   Outputting contigs to /Users/cmdb/qbb2019-answers/20190913/IMPROVE_2//K33/simplified_contigs.fasta
  0:00:11.164    16M / 3G    INFO    General                 (launch.hpp                : 151)   SPAdes finished
  0:00:11.164    16M / 3G    INFO    General                 (main.cpp                  : 109)   Assembling time: 0 hours 0 minutes 11 seconds

== Running assembler: K55

  0:00:00.000     4M / 4M    INFO    General                 (main.cpp                  :  74)   Loaded config from /Users/cmdb/qbb2019-answers/20190913/IMPROVE_2/K55/configs/config.info
  0:00:00.000     4M / 4M    INFO    General                 (memory_limit.cpp          :  49)   Memory limit set to 250 Gb
  0:00:00.000     4M / 4M    INFO    General                 (main.cpp                  :  87)   Starting SPAdes, built from N/A, git revision N/A
  0:00:00.000     4M / 4M    INFO    General                 (main.cpp                  :  88)   Maximum k-mer length: 128
  0:00:00.000     4M / 4M    INFO    General                 (main.cpp                  :  89)   Assembling dataset (/Users/cmdb/qbb2019-answers/20190913/IMPROVE_2/dataset.info) with K=55
  0:00:00.000     4M / 4M    INFO    General                 (main.cpp                  :  90)   Maximum # of threads to use (adjusted due to OMP capabilities): 4
  0:00:00.000     4M / 4M    INFO    General                 (launch.hpp                :  52)   SPAdes started
  0:00:00.000     4M / 4M    INFO    General                 (launch.hpp                :  59)   Starting from stage: construction
  0:00:00.000     4M / 4M    INFO    General                 (launch.hpp                :  66)   Two-step RR enabled: 0
  0:00:00.000     4M / 4M    INFO    General                 (launch.hpp                :  77)   Will need read mapping, kmer mapper will be attached
  0:00:00.000     4M / 4M    INFO   StageManager             (stage.cpp                 : 132)   STAGE == de Bruijn graph construction
  0:00:00.001     4M / 4M    INFO    General                 (read_converter.hpp        :  59)   Binary reads detected
  0:00:00.003     4M / 4M    INFO    General                 (construction.cpp          : 111)   Max read length 100
  0:00:00.003     4M / 4M    INFO    General                 (construction.cpp          : 117)   Average read length 91.2243
  0:00:00.003     4M / 4M    INFO    General                 (stage.cpp                 : 101)   PROCEDURE == k+1-mer counting
  0:00:00.003     4M / 4M    INFO    General                 (kmer_index_builder.hpp    : 117)   Splitting kmer instances into 16 files using 4 threads. This might take a while.
  0:00:00.003     4M / 4M    INFO    General                 (file_limit.hpp            :  32)   Open file limit set to 256
  0:00:00.003     4M / 4M    INFO    General                 (kmer_splitters.hpp        :  89)   Memory available for splitting buffers: 20.833 Gb
  0:00:00.003     4M / 4M    INFO    General                 (kmer_splitters.hpp        :  97)   Using cell size of 2097152
  0:00:01.499     2G / 2G    INFO    General                 (kmer_splitters.hpp        : 289)   Processed 1224692 reads
  0:00:01.499     2G / 2G    INFO    General                 (kmer_splitters.hpp        : 295)   Adding contigs from previous K
  0:00:01.552    16M / 2G    INFO    General                 (kmer_splitters.hpp        : 308)   Used 1224692 reads
  0:00:01.552    16M / 2G    INFO    General                 (kmer_index_builder.hpp    : 120)   Starting k-mer counting.
  0:00:01.578    16M / 2G    INFO    General                 (kmer_index_builder.hpp    : 127)   K-mer counting done. There are 101548 kmers in total.
  0:00:01.578    16M / 2G    INFO    General                 (kmer_index_builder.hpp    : 133)   Merging temporary buckets.
  0:00:01.596    16M / 2G    INFO    General                 (stage.cpp                 : 101)   PROCEDURE == Extension index construction
  0:00:01.596    16M / 2G    INFO   K-mer Index Building     (kmer_index_builder.hpp    : 301)   Building kmer index
  0:00:01.596    16M / 2G    INFO    General                 (kmer_index_builder.hpp    : 117)   Splitting kmer instances into 64 files using 4 threads. This might take a while.
  0:00:01.596    16M / 2G    INFO    General                 (file_limit.hpp            :  32)   Open file limit set to 256
  0:00:01.596    16M / 2G    INFO    General                 (kmer_splitters.hpp        :  89)   Memory available for splitting buffers: 20.832 Gb
  0:00:01.596    16M / 2G    INFO    General                 (kmer_splitters.hpp        :  97)   Using cell size of 524288
  0:00:01.655     3G / 3G    INFO    General                 (kmer_splitters.hpp        : 380)   Processed 101548 kmers
  0:00:01.655     3G / 3G    INFO    General                 (kmer_splitters.hpp        : 385)   Used 101548 kmers.
  0:00:01.657    16M / 3G    INFO    General                 (kmer_index_builder.hpp    : 120)   Starting k-mer counting.
  0:00:01.718    16M / 3G    INFO    General                 (kmer_index_builder.hpp    : 127)   K-mer counting done. There are 101533 kmers in total.
  0:00:01.718    16M / 3G    INFO    General                 (kmer_index_builder.hpp    : 133)   Merging temporary buckets.
  0:00:01.764    16M / 3G    INFO   K-mer Index Building     (kmer_index_builder.hpp    : 314)   Building perfect hash indices
  0:00:01.788    16M / 3G    INFO    General                 (kmer_index_builder.hpp    : 150)   Merging final buckets.
  0:00:01.799    16M / 3G    INFO   K-mer Index Building     (kmer_index_builder.hpp    : 336)   Index built. Total 55672 bytes occupied (4.38651 bits per kmer).
  0:00:01.799    16M / 3G    INFO   DeBruijnExtensionIndexBu (kmer_extension_index_build:  99)   Building k-mer extensions from k+1-mers
  0:00:01.814    16M / 3G    INFO   DeBruijnExtensionIndexBu (kmer_extension_index_build: 103)   Building k-mer extensions from k+1-mers finished.
  0:00:01.814    16M / 3G    INFO    General                 (stage.cpp                 : 101)   PROCEDURE == Condensing graph
  0:00:01.825    16M / 3G    INFO   UnbranchingPathExtractor (debruijn_graph_constructor: 355)   Extracting unbranching paths
  0:00:01.844    16M / 3G    INFO   UnbranchingPathExtractor (debruijn_graph_constructor: 374)   Extracting unbranching paths finished. 386 sequences extracted
  0:00:01.854    16M / 3G    INFO   UnbranchingPathExtractor (debruijn_graph_constructor: 310)   Collecting perfect loops
  0:00:01.868    16M / 3G    INFO   UnbranchingPathExtractor (debruijn_graph_constructor: 343)   Collecting perfect loops finished. 0 loops collected
  0:00:01.868    16M / 3G    INFO    General                 (stage.cpp                 : 101)   PROCEDURE == Filling coverage indices (PHM)
  0:00:01.868    16M / 3G    INFO   K-mer Index Building     (kmer_index_builder.hpp    : 301)   Building kmer index
  0:00:01.868    16M / 3G    INFO   K-mer Index Building     (kmer_index_builder.hpp    : 314)   Building perfect hash indices
  0:00:01.878    16M / 3G    INFO   K-mer Index Building     (kmer_index_builder.hpp    : 336)   Index built. Total 49248 bytes occupied (3.87978 bits per kmer).
  0:00:01.878    16M / 3G    INFO    General                 (construction.cpp          : 388)   Collecting k-mer coverage information from reads, this takes a while.
  0:00:03.226    16M / 3G    INFO    General                 (construction.cpp          : 508)   Filling coverage and flanking coverage from PHM
  0:00:03.235    16M / 3G    INFO   StageManager             (stage.cpp                 : 132)   STAGE == EC Threshold Finding
  0:00:03.236    16M / 3G    INFO    General                 (kmer_coverage_model.cpp   : 181)   Kmer coverage valley at: 3
  0:00:03.236    16M / 3G    INFO    General                 (kmer_coverage_model.cpp   : 201)   K-mer histogram maximum: 226
  0:00:03.236    16M / 3G    INFO    General                 (kmer_coverage_model.cpp   : 237)   Estimated median coverage: 226. Coverage mad: 51.891
  0:00:03.236    16M / 3G    INFO    General                 (kmer_coverage_model.cpp   : 259)   Fitting coverage model
  0:00:03.300    16M / 3G    INFO    General                 (kmer_coverage_model.cpp   : 295)   ... iteration 2
  0:00:03.465    16M / 3G    INFO    General                 (kmer_coverage_model.cpp   : 295)   ... iteration 4
  0:00:04.181    16M / 3G    INFO    General                 (kmer_coverage_model.cpp   : 295)   ... iteration 8
  0:00:05.792    16M / 3G    INFO    General                 (kmer_coverage_model.cpp   : 295)   ... iteration 16
  0:00:08.793    16M / 3G    INFO    General                 (kmer_coverage_model.cpp   : 295)   ... iteration 32
  0:00:11.254    16M / 3G    INFO    General                 (kmer_coverage_model.cpp   : 309)   Fitted mean coverage: 214.596. Fitted coverage std. dev: 51.6648
  0:00:11.257    16M / 3G    INFO    General                 (kmer_coverage_model.cpp   : 334)   Probability of erroneous kmer at valley: 0.936675
  0:00:11.257    16M / 3G    INFO    General                 (kmer_coverage_model.cpp   : 358)   Preliminary threshold calculated as: 152
  0:00:11.257    16M / 3G    INFO    General                 (kmer_coverage_model.cpp   : 362)   Threshold adjusted to: 108
  0:00:11.257    16M / 3G    INFO    General                 (kmer_coverage_model.cpp   : 375)   Estimated genome size (ignoring repeats): 95617
  0:00:11.257    16M / 3G    INFO    General                 (genomic_info_filler.cpp   : 112)   Mean coverage was calculated as 214.596
  0:00:11.257    16M / 3G    INFO    General                 (genomic_info_filler.cpp   : 127)   EC coverage threshold value was calculated as 108
  0:00:11.257    16M / 3G    INFO    General                 (genomic_info_filler.cpp   : 128)   Trusted kmer low bound: 0
  0:00:11.257    16M / 3G    INFO   StageManager             (stage.cpp                 : 132)   STAGE == Gap Closer
  0:00:11.257    16M / 3G    INFO    General                 (gap_closer.cpp            : 427)   No paired-end libraries exist, skipping gap closer
  0:00:11.257    16M / 3G    INFO   StageManager             (stage.cpp                 : 132)   STAGE == Raw Simplification
  0:00:11.258    16M / 3G    INFO    General                 (simplification.cpp        : 128)   PROCEDURE == InitialCleaning
  0:00:11.258    16M / 3G    INFO    General                 (graph_simplification.hpp  : 669)   Flanking coverage based disconnection disabled
  0:00:11.258    16M / 3G    INFO   Simplification           (parallel_processing.hpp   : 165)   Running Self conjugate edge remover
  0:00:11.258    16M / 3G    INFO   Simplification           (parallel_processing.hpp   : 167)   Self conjugate edge remover triggered 0 times
  0:00:11.258    16M / 3G    INFO   Simplification           (parallel_processing.hpp   : 165)   Running Initial tip clipper
  0:00:11.261    16M / 3G    INFO   Simplification           (parallel_processing.hpp   : 167)   Initial tip clipper triggered 167 times
  0:00:11.261    16M / 3G    INFO   Simplification           (parallel_processing.hpp   : 165)   Running Initial ec remover
  0:00:11.262    16M / 3G    INFO   Simplification           (parallel_processing.hpp   : 167)   Initial ec remover triggered 0 times
  0:00:11.262    16M / 3G    INFO   Simplification           (parallel_processing.hpp   : 165)   Running Initial isolated edge remover
  0:00:11.262    16M / 3G    INFO   Simplification           (parallel_processing.hpp   : 167)   Initial isolated edge remover triggered 1 times
  0:00:11.262    16M / 3G    INFO   StageManager             (stage.cpp                 : 132)   STAGE == Simplification
  0:00:11.262    16M / 3G    INFO    General                 (simplification.cpp        : 357)   Graph simplification started
  0:00:11.262    16M / 3G    INFO    General                 (graph_simplification.hpp  : 641)   Creating parallel br instance
  0:00:11.262    16M / 3G    INFO    General                 (simplification.cpp        : 362)   PROCEDURE == Simplification cycle, iteration 1
  0:00:11.262    16M / 3G    INFO   Simplification           (parallel_processing.hpp   : 165)   Running Tip clipper
  0:00:11.262    16M / 3G    INFO   Simplification           (parallel_processing.hpp   : 167)   Tip clipper triggered 1 times
  0:00:11.262    16M / 3G    INFO   Simplification           (parallel_processing.hpp   : 165)   Running Bulge remover
  0:00:11.264    16M / 3G    INFO   Simplification           (parallel_processing.hpp   : 167)   Bulge remover triggered 11 times
  0:00:11.264    16M / 3G    INFO   Simplification           (parallel_processing.hpp   : 165)   Running Low coverage edge remover
  0:00:11.265    16M / 3G    INFO   Simplification           (parallel_processing.hpp   : 167)   Low coverage edge remover triggered 2 times
  0:00:11.265    16M / 3G    INFO    General                 (simplification.cpp        : 362)   PROCEDURE == Simplification cycle, iteration 2
  0:00:11.265    16M / 3G    INFO   Simplification           (parallel_processing.hpp   : 165)   Running Tip clipper
  0:00:11.265    16M / 3G    INFO   Simplification           (parallel_processing.hpp   : 167)   Tip clipper triggered 0 times
  0:00:11.265    16M / 3G    INFO   Simplification           (parallel_processing.hpp   : 165)   Running Bulge remover
  0:00:11.265    16M / 3G    INFO   Simplification           (parallel_processing.hpp   : 167)   Bulge remover triggered 1 times
  0:00:11.265    16M / 3G    INFO   Simplification           (parallel_processing.hpp   : 165)   Running Low coverage edge remover
  0:00:11.265    16M / 3G    INFO   Simplification           (parallel_processing.hpp   : 167)   Low coverage edge remover triggered 1 times
  0:00:11.265    16M / 3G    INFO    General                 (simplification.cpp        : 362)   PROCEDURE == Simplification cycle, iteration 3
  0:00:11.265    16M / 3G    INFO   Simplification           (parallel_processing.hpp   : 165)   Running Tip clipper
  0:00:11.265    16M / 3G    INFO   Simplification           (parallel_processing.hpp   : 167)   Tip clipper triggered 1 times
  0:00:11.265    16M / 3G    INFO   Simplification           (parallel_processing.hpp   : 165)   Running Bulge remover
  0:00:11.266    16M / 3G    INFO   Simplification           (parallel_processing.hpp   : 167)   Bulge remover triggered 1 times
  0:00:11.266    16M / 3G    INFO   Simplification           (parallel_processing.hpp   : 165)   Running Low coverage edge remover
  0:00:11.266    16M / 3G    INFO   Simplification           (parallel_processing.hpp   : 167)   Low coverage edge remover triggered 0 times
  0:00:11.266    16M / 3G    INFO    General                 (simplification.cpp        : 362)   PROCEDURE == Simplification cycle, iteration 4
  0:00:11.266    16M / 3G    INFO   Simplification           (parallel_processing.hpp   : 165)   Running Tip clipper
  0:00:11.266    16M / 3G    INFO   Simplification           (parallel_processing.hpp   : 167)   Tip clipper triggered 0 times
  0:00:11.266    16M / 3G    INFO   Simplification           (parallel_processing.hpp   : 165)   Running Bulge remover
  0:00:11.266    16M / 3G    INFO   Simplification           (parallel_processing.hpp   : 167)   Bulge remover triggered 0 times
  0:00:11.266    16M / 3G    INFO   Simplification           (parallel_processing.hpp   : 165)   Running Low coverage edge remover
  0:00:11.266    16M / 3G    INFO   Simplification           (parallel_processing.hpp   : 167)   Low coverage edge remover triggered 0 times
  0:00:11.266    16M / 3G    INFO    General                 (simplification.cpp        : 362)   PROCEDURE == Simplification cycle, iteration 5
  0:00:11.266    16M / 3G    INFO   Simplification           (parallel_processing.hpp   : 165)   Running Tip clipper
  0:00:11.266    16M / 3G    INFO   Simplification           (parallel_processing.hpp   : 167)   Tip clipper triggered 0 times
  0:00:11.266    16M / 3G    INFO   Simplification           (parallel_processing.hpp   : 165)   Running Bulge remover
  0:00:11.266    16M / 3G    INFO   Simplification           (parallel_processing.hpp   : 167)   Bulge remover triggered 0 times
  0:00:11.266    16M / 3G    INFO   Simplification           (parallel_processing.hpp   : 165)   Running Low coverage edge remover
  0:00:11.266    16M / 3G    INFO   Simplification           (parallel_processing.hpp   : 167)   Low coverage edge remover triggered 0 times
  0:00:11.266    16M / 3G    INFO    General                 (simplification.cpp        : 362)   PROCEDURE == Simplification cycle, iteration 6
  0:00:11.266    16M / 3G    INFO   Simplification           (parallel_processing.hpp   : 165)   Running Tip clipper
  0:00:11.266    16M / 3G    INFO   Simplification           (parallel_processing.hpp   : 167)   Tip clipper triggered 0 times
  0:00:11.266    16M / 3G    INFO   Simplification           (parallel_processing.hpp   : 165)   Running Bulge remover
  0:00:11.266    16M / 3G    INFO   Simplification           (parallel_processing.hpp   : 167)   Bulge remover triggered 0 times
  0:00:11.266    16M / 3G    INFO   Simplification           (parallel_processing.hpp   : 165)   Running Low coverage edge remover
  0:00:11.266    16M / 3G    INFO   Simplification           (parallel_processing.hpp   : 167)   Low coverage edge remover triggered 0 times
  0:00:11.266    16M / 3G    INFO    General                 (simplification.cpp        : 362)   PROCEDURE == Simplification cycle, iteration 7
  0:00:11.266    16M / 3G    INFO   Simplification           (parallel_processing.hpp   : 165)   Running Tip clipper
  0:00:11.266    16M / 3G    INFO   Simplification           (parallel_processing.hpp   : 167)   Tip clipper triggered 0 times
  0:00:11.266    16M / 3G    INFO   Simplification           (parallel_processing.hpp   : 165)   Running Bulge remover
  0:00:11.266    16M / 3G    INFO   Simplification           (parallel_processing.hpp   : 167)   Bulge remover triggered 0 times
  0:00:11.266    16M / 3G    INFO   Simplification           (parallel_processing.hpp   : 165)   Running Low coverage edge remover
  0:00:11.266    16M / 3G    INFO   Simplification           (parallel_processing.hpp   : 167)   Low coverage edge remover triggered 0 times
  0:00:11.266    16M / 3G    INFO    General                 (simplification.cpp        : 362)   PROCEDURE == Simplification cycle, iteration 8
  0:00:11.266    16M / 3G    INFO   Simplification           (parallel_processing.hpp   : 165)   Running Tip clipper
  0:00:11.266    16M / 3G    INFO   Simplification           (parallel_processing.hpp   : 167)   Tip clipper triggered 0 times
  0:00:11.266    16M / 3G    INFO   Simplification           (parallel_processing.hpp   : 165)   Running Bulge remover
  0:00:11.266    16M / 3G    INFO   Simplification           (parallel_processing.hpp   : 167)   Bulge remover triggered 0 times
  0:00:11.266    16M / 3G    INFO   Simplification           (parallel_processing.hpp   : 165)   Running Low coverage edge remover
  0:00:11.266    16M / 3G    INFO   Simplification           (parallel_processing.hpp   : 167)   Low coverage edge remover triggered 0 times
  0:00:11.266    16M / 3G    INFO    General                 (simplification.cpp        : 362)   PROCEDURE == Simplification cycle, iteration 9
  0:00:11.266    16M / 3G    INFO   Simplification           (parallel_processing.hpp   : 165)   Running Tip clipper
  0:00:11.266    16M / 3G    INFO   Simplification           (parallel_processing.hpp   : 167)   Tip clipper triggered 0 times
  0:00:11.266    16M / 3G    INFO   Simplification           (parallel_processing.hpp   : 165)   Running Bulge remover
  0:00:11.266    16M / 3G    INFO   Simplification           (parallel_processing.hpp   : 167)   Bulge remover triggered 0 times
  0:00:11.266    16M / 3G    INFO   Simplification           (parallel_processing.hpp   : 165)   Running Low coverage edge remover
  0:00:11.266    16M / 3G    INFO   Simplification           (parallel_processing.hpp   : 167)   Low coverage edge remover triggered 0 times
  0:00:11.266    16M / 3G    INFO    General                 (simplification.cpp        : 362)   PROCEDURE == Simplification cycle, iteration 10
  0:00:11.266    16M / 3G    INFO   Simplification           (parallel_processing.hpp   : 165)   Running Tip clipper
  0:00:11.266    16M / 3G    INFO   Simplification           (parallel_processing.hpp   : 167)   Tip clipper triggered 0 times
  0:00:11.266    16M / 3G    INFO   Simplification           (parallel_processing.hpp   : 165)   Running Bulge remover
  0:00:11.266    16M / 3G    INFO   Simplification           (parallel_processing.hpp   : 167)   Bulge remover triggered 0 times
  0:00:11.266    16M / 3G    INFO   Simplification           (parallel_processing.hpp   : 165)   Running Low coverage edge remover
  0:00:11.266    16M / 3G    INFO   Simplification           (parallel_processing.hpp   : 167)   Low coverage edge remover triggered 0 times
  0:00:11.266    16M / 3G    INFO    General                 (simplification.cpp        : 362)   PROCEDURE == Simplification cycle, iteration 11
  0:00:11.266    16M / 3G    INFO   Simplification           (parallel_processing.hpp   : 165)   Running Tip clipper
  0:00:11.266    16M / 3G    INFO   Simplification           (parallel_processing.hpp   : 167)   Tip clipper triggered 0 times
  0:00:11.266    16M / 3G    INFO   Simplification           (parallel_processing.hpp   : 165)   Running Bulge remover
  0:00:11.266    16M / 3G    INFO   Simplification           (parallel_processing.hpp   : 167)   Bulge remover triggered 0 times
  0:00:11.266    16M / 3G    INFO   Simplification           (parallel_processing.hpp   : 165)   Running Low coverage edge remover
  0:00:11.266    16M / 3G    INFO   Simplification           (parallel_processing.hpp   : 167)   Low coverage edge remover triggered 0 times
  0:00:11.266    16M / 3G    INFO   StageManager             (stage.cpp                 : 132)   STAGE == Gap Closer
  0:00:11.266    16M / 3G    INFO    General                 (gap_closer.cpp            : 427)   No paired-end libraries exist, skipping gap closer
  0:00:11.266    16M / 3G    INFO   StageManager             (stage.cpp                 : 132)   STAGE == Simplification Cleanup
  0:00:11.266    16M / 3G    INFO    General                 (simplification.cpp        : 196)   PROCEDURE == Post simplification
  0:00:11.266    16M / 3G    INFO    General                 (graph_simplification.hpp  : 458)   Disconnection of relatively low covered edges disabled
  0:00:11.266    16M / 3G    INFO    General                 (graph_simplification.hpp  : 494)   Complex tip clipping disabled
  0:00:11.266    16M / 3G    INFO    General                 (graph_simplification.hpp  : 641)   Creating parallel br instance
  0:00:11.266    16M / 3G    INFO   Simplification           (parallel_processing.hpp   : 165)   Running Tip clipper
  0:00:11.266    16M / 3G    INFO   Simplification           (parallel_processing.hpp   : 167)   Tip clipper triggered 0 times
  0:00:11.266    16M / 3G    INFO   Simplification           (parallel_processing.hpp   : 165)   Running Bulge remover
  0:00:11.266    16M / 3G    INFO   Simplification           (parallel_processing.hpp   : 167)   Bulge remover triggered 0 times
  0:00:11.266    16M / 3G    INFO   Simplification           (parallel_processing.hpp   : 165)   Running Tip clipper
  0:00:11.266    16M / 3G    INFO   Simplification           (parallel_processing.hpp   : 167)   Tip clipper triggered 0 times
  0:00:11.266    16M / 3G    INFO   Simplification           (parallel_processing.hpp   : 165)   Running Bulge remover
  0:00:11.267    16M / 3G    INFO   Simplification           (parallel_processing.hpp   : 167)   Bulge remover triggered 0 times
  0:00:11.267    16M / 3G    INFO    General                 (simplification.cpp        : 330)   Disrupting self-conjugate edges
  0:00:11.267    16M / 3G    INFO   Simplification           (parallel_processing.hpp   : 165)   Running Removing isolated edges
  0:00:11.267    16M / 3G    INFO   Simplification           (parallel_processing.hpp   : 167)   Removing isolated edges triggered 0 times
  0:00:11.267    16M / 3G    INFO    General                 (simplification.cpp        : 470)   Counting average coverage
  0:00:11.267    16M / 3G    INFO    General                 (simplification.cpp        : 476)   Average coverage = 225.027
  0:00:11.267    16M / 3G    INFO   StageManager             (stage.cpp                 : 132)   STAGE == Mismatch Correction
  0:00:11.267    16M / 3G    INFO    General                 (graph_pack.hpp            : 101)   Index refill
  0:00:11.267    16M / 3G    INFO   K-mer Index Building     (kmer_index_builder.hpp    : 301)   Building kmer index
  0:00:11.267    16M / 3G    INFO    General                 (kmer_index_builder.hpp    : 117)   Splitting kmer instances into 64 files using 4 threads. This might take a while.
  0:00:11.267    16M / 3G    INFO    General                 (file_limit.hpp            :  32)   Open file limit set to 256
  0:00:11.267    16M / 3G    INFO    General                 (kmer_splitters.hpp        :  89)   Memory available for splitting buffers: 20.832 Gb
  0:00:11.267    16M / 3G    INFO    General                 (kmer_splitters.hpp        :  97)   Using cell size of 524288
  0:00:11.300     3G / 3G    INFO    General                 (edge_index_builders.hpp   :  82)   Used 8 sequences.
  0:00:11.302    16M / 3G    INFO    General                 (kmer_index_builder.hpp    : 120)   Starting k-mer counting.
  0:00:11.370    16M / 3G    INFO    General                 (kmer_index_builder.hpp    : 127)   K-mer counting done. There are 99916 kmers in total.
  0:00:11.370    16M / 3G    INFO    General                 (kmer_index_builder.hpp    : 133)   Merging temporary buckets.
  0:00:11.419    16M / 3G    INFO   K-mer Index Building     (kmer_index_builder.hpp    : 314)   Building perfect hash indices
  0:00:11.437    16M / 3G    INFO    General                 (kmer_index_builder.hpp    : 150)   Merging final buckets.
  0:00:11.448    16M / 3G    INFO   K-mer Index Building     (kmer_index_builder.hpp    : 336)   Index built. Total 54880 bytes occupied (4.39409 bits per kmer).
  0:00:11.450    16M / 3G    INFO    General                 (edge_index_builders.hpp   : 107)   Collecting edge information from graph, this takes a while.
  0:00:11.465    16M / 3G    INFO    General                 (edge_index.hpp            :  92)   Index refilled
  0:00:11.465    16M / 3G    INFO    General                 (graph_pack.hpp            : 109)   Normalizing k-mer map. Total 1474 kmers to process
  0:00:11.466    16M / 3G    INFO    General                 (graph_pack.hpp            : 111)   Normalizing done
  0:00:12.876    16M / 3G    INFO    General                 (mismatch_shall_not_pass.hp: 189)   Finished collecting potential mismatches positions
  0:00:12.877    16M / 3G    INFO    General                 (mismatch_shall_not_pass.hp: 290)   All edges processed
  0:00:12.877    16M / 3G    INFO    General                 (mismatch_correction.cpp   :  27)   Corrected 0 nucleotides
  0:00:12.877    16M / 3G    INFO   StageManager             (stage.cpp                 : 132)   STAGE == Contig Output
  0:00:12.877    16M / 3G    INFO    General                 (contig_output_stage.cpp   :  45)   Writing GFA to /Users/cmdb/qbb2019-answers/20190913/IMPROVE_2//K55/assembly_graph_with_scaffolds.gfa
  0:00:12.878    16M / 3G    INFO    General                 (contig_output.hpp         :  22)   Outputting contigs to /Users/cmdb/qbb2019-answers/20190913/IMPROVE_2//K55/before_rr.fasta
  0:00:12.880    16M / 3G    INFO    General                 (contig_output_stage.cpp   :  56)   Outputting FastG graph to /Users/cmdb/qbb2019-answers/20190913/IMPROVE_2//K55/assembly_graph.fastg
  0:00:12.884    16M / 3G    INFO    General                 (contig_output.hpp         :  22)   Outputting contigs to /Users/cmdb/qbb2019-answers/20190913/IMPROVE_2//K55/final_contigs.fasta
  0:00:12.886    16M / 3G    INFO   StageManager             (stage.cpp                 : 132)   STAGE == Paired Information Counting
  0:00:12.886    16M / 3G    INFO    General                 (graph_pack.hpp            : 109)   Normalizing k-mer map. Total 1474 kmers to process
  0:00:12.886    16M / 3G    INFO    General                 (graph_pack.hpp            : 111)   Normalizing done
  0:00:12.886    16M / 3G    INFO    General                 (pair_info_count.cpp       : 323)   Min edge length for estimation: 66606
  0:00:12.886    16M / 3G    INFO    General                 (pair_info_count.cpp       : 395)   Mapping single reads of library #0
  0:00:12.886    16M / 3G    INFO    General                 (pair_info_count.cpp       :  39)   Selecting usual mapper
  0:00:13.646    16M / 3G    INFO    General                 (sequence_mapper_notifier.h:  98)   Total 612346 reads processed
  0:00:13.646    16M / 3G    INFO    General                 (pair_info_count.cpp       : 397)   Total paths obtained from single reads: 21
  0:00:13.646    16M / 3G    INFO   StageManager             (stage.cpp                 : 132)   STAGE == Distance Estimation
  0:00:13.646    16M / 3G    INFO   StageManager             (stage.cpp                 : 132)   STAGE == Repeat Resolving
  0:00:13.646    16M / 3G    INFO    General                 (repeat_resolving.cpp      :  69)   Using Path-Extend repeat resolving
  0:00:13.646    16M / 3G    INFO    General                 (launcher.cpp              : 481)   ExSPAnder repeat resolving tool started
  0:00:13.646    16M / 3G    INFO    General                 (launcher.cpp              : 392)   Creating main extenders, unique edge length = 2000
  0:00:13.646    16M / 3G    INFO    General                 (extenders_logic.cpp       :  34)   resolvable_repeat_length_bound set to 10000
  0:00:13.647    16M / 3G    INFO    General                 (extenders_logic.cpp       : 475)   Using 0 paired-end libraries
  0:00:13.647    16M / 3G    INFO    General                 (extenders_logic.cpp       : 476)   Using 0 paired-end scaffolding libraries
  0:00:13.647    16M / 3G    INFO    General                 (extenders_logic.cpp       : 477)   Using 1 single read library
  0:00:13.647    16M / 3G    INFO    General                 (launcher.cpp              : 420)   Total number of extenders is 1
  0:00:13.647    16M / 3G    INFO    General                 (launcher.cpp              : 234)   Finalizing paths
  0:00:13.647    16M / 3G    INFO    General                 (launcher.cpp              : 236)   Deduplicating paths
  0:00:13.647    16M / 3G    INFO    General                 (launcher.cpp              : 240)   Paths deduplicated
  0:00:13.647    16M / 3G    INFO   PEResolver               (pe_resolver.hpp           : 295)   Removing overlaps
  0:00:13.647    16M / 3G    INFO   PEResolver               (pe_resolver.hpp           : 298)   Sorting paths
  0:00:13.647    16M / 3G    INFO   PEResolver               (pe_resolver.hpp           : 305)   Marking overlaps
  0:00:13.647    16M / 3G    INFO   OverlapRemover           (pe_resolver.hpp           : 130)   Marking start/end overlaps
  0:00:13.647    16M / 3G    INFO   OverlapRemover           (pe_resolver.hpp           : 133)   Marking remaining overlaps
  0:00:13.647    16M / 3G    INFO   PEResolver               (pe_resolver.hpp           : 308)   Splitting paths
  0:00:13.647    16M / 3G    INFO   PEResolver               (pe_resolver.hpp           : 313)   Deduplicating paths
  0:00:13.647    16M / 3G    INFO   PEResolver               (pe_resolver.hpp           : 315)   Overlaps removed
  0:00:13.647    16M / 3G    INFO    General                 (launcher.cpp              : 257)   Paths finalized
  0:00:13.647    16M / 3G    INFO    General                 (launcher.cpp              : 427)   Closing gaps in paths
  0:00:13.647    16M / 3G    INFO    General                 (launcher.cpp              : 455)   Gap closing completed
  0:00:13.647    16M / 3G    INFO    General                 (launcher.cpp              : 286)   Traversing tandem repeats
  0:00:13.647    16M / 3G    INFO    General                 (launcher.cpp              : 296)   Traversed 0 loops
  0:00:13.647    16M / 3G    INFO    General                 (launcher.cpp              : 234)   Finalizing paths
  0:00:13.647    16M / 3G    INFO    General                 (launcher.cpp              : 236)   Deduplicating paths
  0:00:13.647    16M / 3G    INFO    General                 (launcher.cpp              : 240)   Paths deduplicated
  0:00:13.647    16M / 3G    INFO   PEResolver               (pe_resolver.hpp           : 295)   Removing overlaps
  0:00:13.647    16M / 3G    INFO   PEResolver               (pe_resolver.hpp           : 298)   Sorting paths
  0:00:13.647    16M / 3G    INFO   PEResolver               (pe_resolver.hpp           : 305)   Marking overlaps
  0:00:13.647    16M / 3G    INFO   OverlapRemover           (pe_resolver.hpp           : 130)   Marking start/end overlaps
  0:00:13.647    16M / 3G    INFO   OverlapRemover           (pe_resolver.hpp           : 133)   Marking remaining overlaps
  0:00:13.647    16M / 3G    INFO   PEResolver               (pe_resolver.hpp           : 308)   Splitting paths
  0:00:13.647    16M / 3G    INFO   PEResolver               (pe_resolver.hpp           : 313)   Deduplicating paths
  0:00:13.647    16M / 3G    INFO   PEResolver               (pe_resolver.hpp           : 315)   Overlaps removed
  0:00:13.647    16M / 3G    INFO    General                 (launcher.cpp              : 257)   Paths finalized
  0:00:13.647    16M / 3G    INFO    General                 (launcher.cpp              : 534)   ExSPAnder repeat resolving tool finished
  0:00:13.647    16M / 3G    INFO   StageManager             (stage.cpp                 : 132)   STAGE == Contig Output
  0:00:13.647    16M / 3G    INFO    General                 (contig_output_stage.cpp   :  45)   Writing GFA to /Users/cmdb/qbb2019-answers/20190913/IMPROVE_2//K55/assembly_graph_with_scaffolds.gfa
  0:00:13.648    16M / 3G    INFO    General                 (contig_output.hpp         :  22)   Outputting contigs to /Users/cmdb/qbb2019-answers/20190913/IMPROVE_2//K55/before_rr.fasta
  0:00:13.651    16M / 3G    INFO    General                 (contig_output_stage.cpp   :  56)   Outputting FastG graph to /Users/cmdb/qbb2019-answers/20190913/IMPROVE_2//K55/assembly_graph.fastg
  0:00:13.655    16M / 3G    INFO    General                 (contig_output_stage.cpp   :  20)   Outputting FastG paths to /Users/cmdb/qbb2019-answers/20190913/IMPROVE_2//K55/final_contigs.paths
  0:00:13.658    16M / 3G    INFO    General                 (contig_output_stage.cpp   :  20)   Outputting FastG paths to /Users/cmdb/qbb2019-answers/20190913/IMPROVE_2//K55/scaffolds.paths
  0:00:13.661    16M / 3G    INFO    General                 (launch.hpp                : 151)   SPAdes finished
  0:00:13.662    16M / 3G    INFO    General                 (main.cpp                  : 109)   Assembling time: 0 hours 0 minutes 13 seconds

===== Assembling finished. Used k-mer sizes: 21, 33, 55 

 * Corrected reads are in /Users/cmdb/qbb2019-answers/20190913/IMPROVE_2/corrected/
 * Assembled contigs are in /Users/cmdb/qbb2019-answers/20190913/IMPROVE_2/contigs.fasta
 * Assembled scaffolds are in /Users/cmdb/qbb2019-answers/20190913/IMPROVE_2/scaffolds.fasta
 * Paths in the assembly graph corresponding to the contigs are in /Users/cmdb/qbb2019-answers/20190913/IMPROVE_2/contigs.paths
 * Paths in the assembly graph corresponding to the scaffolds are in /Users/cmdb/qbb2019-answers/20190913/IMPROVE_2/scaffolds.paths
 * Assembly graph is in /Users/cmdb/qbb2019-answers/20190913/IMPROVE_2/assembly_graph.fastg
 * Assembly graph in GFA format is in /Users/cmdb/qbb2019-answers/20190913/IMPROVE_2/assembly_graph_with_scaffolds.gfa

======= SPAdes pipeline finished.

SPAdes log can be found here: /Users/cmdb/qbb2019-answers/20190913/IMPROVE_2/spades.log

Thank you for using SPAdes!
