Command line: /Users/cmdb/miniconda3/bin/spades.py	-s	/Users/cmdb/qbb2019-answers/20190913/reads_low_1.fastq	-s	/Users/cmdb/qbb2019-answers/20190913/reads_low_2.fastq	-o	/Users/cmdb/qbb2019-answers/20190913/spades	

System information:
  SPAdes version: 3.13.1
  Python version: 3.6.7
  OS: Darwin-18.7.0-x86_64-i386-64bit

Output dir: /Users/cmdb/qbb2019-answers/20190913/spades
Mode: read error correction and assembling
Debug mode is turned OFF

Dataset parameters:
  Multi-cell mode (you should set '--sc' flag if input data was obtained with MDA (single-cell) technology or --meta flag if processing metagenomic dataset)
  Reads:
    Library number: 1, library type: single
      left reads: not specified
      right reads: not specified
      interlaced reads: not specified
      single reads: ['/Users/cmdb/qbb2019-answers/20190913/reads_low_1.fastq', '/Users/cmdb/qbb2019-answers/20190913/reads_low_2.fastq']
      merged reads: not specified
Read error correction parameters:
  Iterations: 1
  PHRED offset will be auto-detected
  Corrected reads will be compressed
Assembly parameters:
  k: automatic selection based on read length
  Repeat resolution is enabled
  Mismatch careful mode is turned OFF
  MismatchCorrector will be SKIPPED
  Coverage cutoff is turned OFF
Other parameters:
  Dir for temp files: /Users/cmdb/qbb2019-answers/20190913/spades/tmp
  Threads: 16
  Memory limit (in Gb): 250


======= SPAdes pipeline started. Log can be found here: /Users/cmdb/qbb2019-answers/20190913/spades/spades.log


===== Read error correction started. 


== Running read error correction tool: /Users/cmdb/miniconda3/share/spades-3.13.1-0/bin/spades-hammer /Users/cmdb/qbb2019-answers/20190913/spades/corrected/configs/config.info

  0:00:00.000     4M / 4M    INFO    General                 (main.cpp                  :  75)   Starting BayesHammer, built from N/A, git revision N/A
  0:00:00.001     4M / 4M    INFO    General                 (main.cpp                  :  76)   Loading config from /Users/cmdb/qbb2019-answers/20190913/spades/corrected/configs/config.info
  0:00:00.005     4M / 4M    INFO    General                 (main.cpp                  :  78)   Maximum # of threads to use (adjusted due to OMP capabilities): 4
  0:00:00.005     4M / 4M    INFO    General                 (memory_limit.cpp          :  49)   Memory limit set to 250 Gb
  0:00:00.005     4M / 4M    INFO    General                 (main.cpp                  :  86)   Trying to determine PHRED offset
  0:00:00.006     4M / 4M    INFO    General                 (main.cpp                  :  92)   Determined value is 33
  0:00:00.006     4M / 4M    INFO    General                 (hammer_tools.cpp          :  36)   Hamming graph threshold tau=1, k=21, subkmer positions = [ 0 10 ]
  0:00:00.006     4M / 4M    INFO    General                 (main.cpp                  : 113)   Size of aux. kmer data 24 bytes
     === ITERATION 0 begins ===
  0:00:00.007     4M / 4M    INFO   K-mer Index Building     (kmer_index_builder.hpp    : 301)   Building kmer index
  0:00:00.007     4M / 4M    INFO    General                 (kmer_index_builder.hpp    : 117)   Splitting kmer instances into 64 files using 4 threads. This might take a while.
  0:00:00.007     4M / 4M    INFO    General                 (file_limit.hpp            :  32)   Open file limit set to 256
  0:00:00.007     4M / 4M    INFO    General                 (kmer_splitters.hpp        :  89)   Memory available for splitting buffers: 20.833 Gb
  0:00:00.007     4M / 4M    INFO    General                 (kmer_splitters.hpp        :  97)   Using cell size of 1048576
  0:00:00.008     3G / 3G    INFO   K-mer Splitting          (kmer_data.cpp             :  97)   Processing /Users/cmdb/qbb2019-answers/20190913/reads_low_1.fastq
  0:00:00.188     3G / 3G    INFO   K-mer Splitting          (kmer_data.cpp             :  97)   Processing /Users/cmdb/qbb2019-answers/20190913/reads_low_2.fastq
  0:00:00.350     3G / 3G    INFO   K-mer Splitting          (kmer_data.cpp             : 112)   Total 2000 reads processed
  0:00:00.352    16M / 3G    INFO    General                 (kmer_index_builder.hpp    : 120)   Starting k-mer counting.
  0:00:00.420    16M / 3G    INFO    General                 (kmer_index_builder.hpp    : 127)   K-mer counting done. There are 150292 kmers in total.
  0:00:00.420    16M / 3G    INFO    General                 (kmer_index_builder.hpp    : 133)   Merging temporary buckets.
  0:00:00.462    16M / 3G    INFO   K-mer Index Building     (kmer_index_builder.hpp    : 314)   Building perfect hash indices
  0:00:00.491    16M / 3G    INFO    General                 (kmer_index_builder.hpp    : 150)   Merging final buckets.
  0:00:00.499    16M / 3G    INFO   K-mer Index Building     (kmer_index_builder.hpp    : 336)   Index built. Total 78440 bytes occupied (4.17534 bits per kmer).
  0:00:00.499    16M / 3G    INFO   K-mer Counting           (kmer_data.cpp             : 356)   Arranging kmers in hash map order
  0:00:00.515    16M / 3G    INFO    General                 (main.cpp                  : 148)   Clustering Hamming graph.
  0:00:00.654    16M / 3G    INFO    General                 (main.cpp                  : 155)   Extracting clusters
  0:00:00.685    16M / 3G    INFO    General                 (main.cpp                  : 167)   Clustering done. Total clusters: 149880
  0:00:00.685    16M / 3G    INFO   K-mer Counting           (kmer_data.cpp             : 376)   Collecting K-mer information, this takes a while.
  0:00:00.685    20M / 3G    INFO   K-mer Counting           (kmer_data.cpp             : 382)   Processing /Users/cmdb/qbb2019-answers/20190913/reads_low_1.fastq
  0:00:00.715    20M / 3G    INFO   K-mer Counting           (kmer_data.cpp             : 382)   Processing /Users/cmdb/qbb2019-answers/20190913/reads_low_2.fastq
  0:00:00.736    20M / 3G    INFO   K-mer Counting           (kmer_data.cpp             : 389)   Collection done, postprocessing.
  0:00:00.736    20M / 3G    INFO   K-mer Counting           (kmer_data.cpp             : 403)   There are 150292 kmers in total. Among them 67002 (44.5812%) are singletons.
  0:00:00.736    20M / 3G    INFO    General                 (main.cpp                  : 173)   Subclustering Hamming graph
  0:00:00.751    20M / 3G    INFO   Hamming Subclustering    (kmer_cluster.cpp          : 649)   Subclustering done. Total 0 non-read kmers were generated.
  0:00:00.751    20M / 3G    INFO   Hamming Subclustering    (kmer_cluster.cpp          : 650)   Subclustering statistics:
  0:00:00.751    20M / 3G    INFO   Hamming Subclustering    (kmer_cluster.cpp          : 651)     Total singleton hamming clusters: 149526. Among them 107804 (72.0972%) are good
  0:00:00.751    20M / 3G    INFO   Hamming Subclustering    (kmer_cluster.cpp          : 652)     Total singleton subclusters: 2. Among them 2 (100%) are good
  0:00:00.751    20M / 3G    INFO   Hamming Subclustering    (kmer_cluster.cpp          : 653)     Total non-singleton subcluster centers: 354. Among them 242 (68.3616%) are good
  0:00:00.751    20M / 3G    INFO   Hamming Subclustering    (kmer_cluster.cpp          : 654)     Average size of non-trivial subcluster: 2.16384 kmers
  0:00:00.751    20M / 3G    INFO   Hamming Subclustering    (kmer_cluster.cpp          : 655)     Average number of sub-clusters per non-singleton cluster: 1.00565
  0:00:00.751    20M / 3G    INFO   Hamming Subclustering    (kmer_cluster.cpp          : 656)     Total solid k-mers: 108048
  0:00:00.751    20M / 3G    INFO   Hamming Subclustering    (kmer_cluster.cpp          : 657)     Substitution probabilities: [4,4]((0.90565,0.0384181,0.0389831,0.0169492),(0.00312744,0.972635,0.00039093,0.0238468),(0.0153604,0.000393856,0.979913,0.00433241),(0.0160643,0.026965,0.037292,0.919679))
  0:00:00.752    20M / 3G    INFO    General                 (main.cpp                  : 178)   Finished clustering.
  0:00:00.752    20M / 3G    INFO    General                 (main.cpp                  : 197)   Starting solid k-mers expansion in 4 threads.
  0:00:00.765    20M / 3G    INFO    General                 (main.cpp                  : 218)   Solid k-mers iteration 0 produced 1796 new k-mers.
  0:00:00.776    20M / 3G    INFO    General                 (main.cpp                  : 218)   Solid k-mers iteration 1 produced 0 new k-mers.
  0:00:00.777    20M / 3G    INFO    General                 (main.cpp                  : 222)   Solid k-mers finalized
  0:00:00.777    20M / 3G    INFO    General                 (hammer_tools.cpp          : 220)   Starting read correction in 4 threads.
  0:00:00.777    20M / 3G    INFO    General                 (hammer_tools.cpp          : 264)   Correcting single reads: /Users/cmdb/qbb2019-answers/20190913/reads_low_1.fastq
  0:00:00.797    64M / 3G    INFO    General                 (hammer_tools.cpp          : 127)   Prepared batch 0 of 1000 reads.
  0:00:00.803    64M / 3G    INFO    General                 (hammer_tools.cpp          : 132)   Processed batch 0
  0:00:00.805    64M / 3G    INFO    General                 (hammer_tools.cpp          : 136)   Written batch 0
  0:00:00.812    20M / 3G    INFO    General                 (hammer_tools.cpp          : 264)   Correcting single reads: /Users/cmdb/qbb2019-answers/20190913/reads_low_2.fastq
  0:00:00.833    64M / 3G    INFO    General                 (hammer_tools.cpp          : 127)   Prepared batch 0 of 1000 reads.
  0:00:00.840    64M / 3G    INFO    General                 (hammer_tools.cpp          : 132)   Processed batch 0
  0:00:00.842    64M / 3G    INFO    General                 (hammer_tools.cpp          : 136)   Written batch 0
  0:00:00.849    20M / 3G    INFO    General                 (hammer_tools.cpp          : 274)   Correction done. Changed 7 bases in 7 reads.
  0:00:00.849    20M / 3G    INFO    General                 (hammer_tools.cpp          : 275)   Failed to correct 0 bases out of 186707.
  0:00:00.850    16M / 3G    INFO    General                 (main.cpp                  : 255)   Saving corrected dataset description to /Users/cmdb/qbb2019-answers/20190913/spades/corrected/corrected.yaml
  0:00:00.850    16M / 3G    INFO    General                 (main.cpp                  : 262)   All done. Exiting.

== Compressing corrected reads (with gzip)

== Dataset description file was created: /Users/cmdb/qbb2019-answers/20190913/spades/corrected/corrected.yaml


===== Read error correction finished. 


===== Assembling started.


== Running assembler: K21

  0:00:00.000     4M / 4M    INFO    General                 (main.cpp                  :  74)   Loaded config from /Users/cmdb/qbb2019-answers/20190913/spades/K21/configs/config.info
  0:00:00.000     4M / 4M    INFO    General                 (memory_limit.cpp          :  49)   Memory limit set to 250 Gb
  0:00:00.000     4M / 4M    INFO    General                 (main.cpp                  :  87)   Starting SPAdes, built from N/A, git revision N/A
  0:00:00.000     4M / 4M    INFO    General                 (main.cpp                  :  88)   Maximum k-mer length: 128
  0:00:00.000     4M / 4M    INFO    General                 (main.cpp                  :  89)   Assembling dataset (/Users/cmdb/qbb2019-answers/20190913/spades/dataset.info) with K=21
  0:00:00.000     4M / 4M    INFO    General                 (main.cpp                  :  90)   Maximum # of threads to use (adjusted due to OMP capabilities): 4
  0:00:00.000     4M / 4M    INFO    General                 (launch.hpp                :  52)   SPAdes started
  0:00:00.000     4M / 4M    INFO    General                 (launch.hpp                :  59)   Starting from stage: construction
  0:00:00.000     4M / 4M    INFO    General                 (launch.hpp                :  66)   Two-step RR enabled: 0
  0:00:00.001     4M / 4M    INFO   StageManager             (stage.cpp                 : 132)   STAGE == de Bruijn graph construction
  0:00:00.002     4M / 4M    INFO    General                 (read_converter.hpp        :  77)   Converting reads to binary format for library #0 (takes a while)
  0:00:00.002     4M / 4M    INFO    General                 (read_converter.hpp        :  78)   Converting paired reads
  0:00:00.063    68M / 84M   INFO    General                 (binary_converter.hpp      : 117)   0 reads written
  0:00:00.067     4M / 84M   INFO    General                 (read_converter.hpp        :  87)   Converting single reads
  0:00:00.187   132M / 164M  INFO    General                 (binary_converter.hpp      : 117)   1989 reads written
  0:00:00.196     4M / 164M  INFO    General                 (read_converter.hpp        :  95)   Converting merged reads
  0:00:00.301   132M / 164M  INFO    General                 (binary_converter.hpp      : 117)   0 reads written
  0:00:00.315     4M / 164M  INFO    General                 (construction.cpp          : 111)   Max read length 100
  0:00:00.315     4M / 164M  INFO    General                 (construction.cpp          : 117)   Average read length 93.5465
  0:00:00.315     4M / 164M  INFO    General                 (stage.cpp                 : 101)   PROCEDURE == k+1-mer counting
  0:00:00.315     4M / 164M  INFO    General                 (kmer_index_builder.hpp    : 117)   Splitting kmer instances into 16 files using 4 threads. This might take a while.
  0:00:00.316     4M / 164M  INFO    General                 (file_limit.hpp            :  32)   Open file limit set to 256
  0:00:00.316     4M / 164M  INFO    General                 (kmer_splitters.hpp        :  89)   Memory available for splitting buffers: 20.833 Gb
  0:00:00.316     4M / 164M  INFO    General                 (kmer_splitters.hpp        :  97)   Using cell size of 4194304
  0:00:00.331     2G / 2G    INFO    General                 (kmer_splitters.hpp        : 295)   Adding contigs from previous K
  0:00:00.332    16M / 2G    INFO    General                 (kmer_splitters.hpp        : 308)   Used 3978 reads
  0:00:00.332    16M / 2G    INFO    General                 (kmer_index_builder.hpp    : 120)   Starting k-mer counting.
  0:00:00.351    16M / 2G    INFO    General                 (kmer_index_builder.hpp    : 127)   K-mer counting done. There are 74216 kmers in total.
  0:00:00.351    16M / 2G    INFO    General                 (kmer_index_builder.hpp    : 133)   Merging temporary buckets.
  0:00:00.362    16M / 2G    INFO    General                 (stage.cpp                 : 101)   PROCEDURE == Extension index construction
  0:00:00.362    16M / 2G    INFO   K-mer Index Building     (kmer_index_builder.hpp    : 301)   Building kmer index
  0:00:00.362    16M / 2G    INFO    General                 (kmer_index_builder.hpp    : 117)   Splitting kmer instances into 64 files using 4 threads. This might take a while.
  0:00:00.362    16M / 2G    INFO    General                 (file_limit.hpp            :  32)   Open file limit set to 256
  0:00:00.362    16M / 2G    INFO    General                 (kmer_splitters.hpp        :  89)   Memory available for splitting buffers: 20.832 Gb
  0:00:00.362    16M / 2G    INFO    General                 (kmer_splitters.hpp        :  97)   Using cell size of 1048576
  0:00:00.397     3G / 3G    INFO    General                 (kmer_splitters.hpp        : 380)   Processed 74216 kmers
  0:00:00.397     3G / 3G    INFO    General                 (kmer_splitters.hpp        : 385)   Used 74216 kmers.
  0:00:00.399    16M / 3G    INFO    General                 (kmer_index_builder.hpp    : 120)   Starting k-mer counting.
  0:00:00.455    16M / 3G    INFO    General                 (kmer_index_builder.hpp    : 127)   K-mer counting done. There are 74667 kmers in total.
  0:00:00.455    16M / 3G    INFO    General                 (kmer_index_builder.hpp    : 133)   Merging temporary buckets.
  0:00:00.496    16M / 3G    INFO   K-mer Index Building     (kmer_index_builder.hpp    : 314)   Building perfect hash indices
  0:00:00.554    16M / 3G    INFO    General                 (kmer_index_builder.hpp    : 150)   Merging final buckets.
  0:00:00.566    16M / 3G    INFO   K-mer Index Building     (kmer_index_builder.hpp    : 336)   Index built. Total 43448 bytes occupied (4.65512 bits per kmer).
  0:00:00.566    16M / 3G    INFO   DeBruijnExtensionIndexBu (kmer_extension_index_build:  99)   Building k-mer extensions from k+1-mers
  0:00:00.573    16M / 3G    INFO   DeBruijnExtensionIndexBu (kmer_extension_index_build: 103)   Building k-mer extensions from k+1-mers finished.
  0:00:00.573    16M / 3G    INFO    General                 (stage.cpp                 : 101)   PROCEDURE == Early tip clipping
  0:00:00.573    16M / 3G    INFO    General                 (construction.cpp          : 253)   Early tip clipper length bound set as (RL - K)
  0:00:00.573    16M / 3G    INFO   Early tip clipping       (early_simplification.hpp  : 181)   Early tip clipping
  0:00:00.598    16M / 3G    INFO   Early tip clipping       (early_simplification.hpp  : 184)   118 22-mers were removed by early tip clipper
  0:00:00.598    16M / 3G    INFO    General                 (stage.cpp                 : 101)   PROCEDURE == Condensing graph
  0:00:00.604    16M / 3G    INFO   UnbranchingPathExtractor (debruijn_graph_constructor: 355)   Extracting unbranching paths
  0:00:00.614    16M / 3G    INFO   UnbranchingPathExtractor (debruijn_graph_constructor: 374)   Extracting unbranching paths finished. 473 sequences extracted
  0:00:00.621    16M / 3G    INFO   UnbranchingPathExtractor (debruijn_graph_constructor: 310)   Collecting perfect loops
  0:00:00.629    16M / 3G    INFO   UnbranchingPathExtractor (debruijn_graph_constructor: 343)   Collecting perfect loops finished. 0 loops collected
  0:00:00.629    16M / 3G    INFO    General                 (stage.cpp                 : 101)   PROCEDURE == Filling coverage indices (PHM)
  0:00:00.629    16M / 3G    INFO   K-mer Index Building     (kmer_index_builder.hpp    : 301)   Building kmer index
  0:00:00.629    16M / 3G    INFO   K-mer Index Building     (kmer_index_builder.hpp    : 314)   Building perfect hash indices
  0:00:00.638    16M / 3G    INFO   K-mer Index Building     (kmer_index_builder.hpp    : 336)   Index built. Total 36568 bytes occupied (3.94179 bits per kmer).
  0:00:00.638    16M / 3G    INFO    General                 (construction.cpp          : 388)   Collecting k-mer coverage information from reads, this takes a while.
  0:00:00.646    16M / 3G    INFO    General                 (construction.cpp          : 508)   Filling coverage and flanking coverage from PHM
  0:00:00.652    16M / 3G    INFO   StageManager             (stage.cpp                 : 132)   STAGE == EC Threshold Finding
  0:00:00.652    16M / 3G    INFO    General                 (kmer_coverage_model.cpp   : 181)   Kmer coverage valley at: 9
  0:00:00.652    16M / 3G    INFO    General                 (kmer_coverage_model.cpp   : 201)   K-mer histogram maximum: 10
  0:00:00.652    16M / 3G    WARN    General                 (kmer_coverage_model.cpp   : 218)   Too many erroneous kmers, the estimates might be unreliable
  0:00:00.652    16M / 3G    INFO    General                 (kmer_coverage_model.cpp   : 237)   Estimated median coverage: 10. Coverage mad: 10.4836
  0:00:00.652    16M / 3G    INFO    General                 (kmer_coverage_model.cpp   : 259)   Fitting coverage model
  0:00:00.657    16M / 3G    INFO    General                 (kmer_coverage_model.cpp   : 295)   ... iteration 2
  0:00:00.661    16M / 3G    INFO    General                 (kmer_coverage_model.cpp   : 295)   ... iteration 4
  0:00:00.667    16M / 3G    INFO    General                 (kmer_coverage_model.cpp   : 295)   ... iteration 8
  0:00:00.683    16M / 3G    INFO    General                 (kmer_coverage_model.cpp   : 295)   ... iteration 16
  0:00:00.683    16M / 3G    INFO    General                 (kmer_coverage_model.cpp   : 309)   Fitted mean coverage: 14.15. Fitted coverage std. dev: 2.15402
  0:00:00.683    16M / 3G    INFO    General                 (kmer_coverage_model.cpp   : 334)   Probability of erroneous kmer at valley: 0.934414
  0:00:00.683    16M / 3G    INFO    General                 (kmer_coverage_model.cpp   : 358)   Preliminary threshold calculated as: 16
  0:00:00.683    16M / 3G    INFO    General                 (kmer_coverage_model.cpp   : 362)   Threshold adjusted to: 11
  0:00:00.683    16M / 3G    INFO    General                 (kmer_coverage_model.cpp   : 375)   Estimated genome size (ignoring repeats): 192
  0:00:00.683    16M / 3G    INFO    General                 (genomic_info_filler.cpp   : 112)   Mean coverage was calculated as 14.15
  0:00:00.683    16M / 3G    INFO    General                 (genomic_info_filler.cpp   : 127)   EC coverage threshold value was calculated as 11
  0:00:00.683    16M / 3G    INFO    General                 (genomic_info_filler.cpp   : 128)   Trusted kmer low bound: 0
  0:00:00.683    16M / 3G    INFO   StageManager             (stage.cpp                 : 132)   STAGE == Raw Simplification
  0:00:00.683    16M / 3G    INFO    General                 (simplification.cpp        : 128)   PROCEDURE == InitialCleaning
  0:00:00.685    16M / 3G    INFO    General                 (graph_simplification.hpp  : 669)   Flanking coverage based disconnection disabled
  0:00:00.685    16M / 3G    INFO   Simplification           (parallel_processing.hpp   : 165)   Running Self conjugate edge remover
  0:00:00.687    16M / 3G    INFO   Simplification           (parallel_processing.hpp   : 167)   Self conjugate edge remover triggered 0 times
  0:00:00.687    16M / 3G    INFO   Simplification           (parallel_processing.hpp   : 165)   Running Initial tip clipper
  0:00:00.687    16M / 3G    INFO   Simplification           (parallel_processing.hpp   : 167)   Initial tip clipper triggered 0 times
  0:00:00.687    16M / 3G    INFO   Simplification           (parallel_processing.hpp   : 165)   Running Initial ec remover
  0:00:00.688    16M / 3G    INFO   Simplification           (parallel_processing.hpp   : 167)   Initial ec remover triggered 2 times
  0:00:00.688    16M / 3G    INFO   Simplification           (parallel_processing.hpp   : 165)   Running Initial isolated edge remover
  0:00:00.688    16M / 3G    INFO   Simplification           (parallel_processing.hpp   : 167)   Initial isolated edge remover triggered 246 times
  0:00:00.688    16M / 3G    INFO   StageManager             (stage.cpp                 : 132)   STAGE == Simplification
  0:00:00.688    16M / 3G    INFO    General                 (simplification.cpp        : 357)   Graph simplification started
  0:00:00.688    16M / 3G    INFO    General                 (graph_simplification.hpp  : 641)   Creating parallel br instance
  0:00:00.688    16M / 3G    INFO    General                 (simplification.cpp        : 362)   PROCEDURE == Simplification cycle, iteration 1
  0:00:00.688    16M / 3G    INFO   Simplification           (parallel_processing.hpp   : 165)   Running Tip clipper
  0:00:00.689    16M / 3G    INFO   Simplification           (parallel_processing.hpp   : 167)   Tip clipper triggered 0 times
  0:00:00.689    16M / 3G    INFO   Simplification           (parallel_processing.hpp   : 165)   Running Bulge remover
  0:00:00.690    16M / 3G    INFO   Simplification           (parallel_processing.hpp   : 167)   Bulge remover triggered 1 times
  0:00:00.690    16M / 3G    INFO   Simplification           (parallel_processing.hpp   : 165)   Running Low coverage edge remover
  0:00:00.690    16M / 3G    INFO   Simplification           (parallel_processing.hpp   : 167)   Low coverage edge remover triggered 0 times
  0:00:00.690    16M / 3G    INFO    General                 (simplification.cpp        : 362)   PROCEDURE == Simplification cycle, iteration 2
  0:00:00.690    16M / 3G    INFO   Simplification           (parallel_processing.hpp   : 165)   Running Tip clipper
  0:00:00.690    16M / 3G    INFO   Simplification           (parallel_processing.hpp   : 167)   Tip clipper triggered 0 times
  0:00:00.690    16M / 3G    INFO   Simplification           (parallel_processing.hpp   : 165)   Running Bulge remover
  0:00:00.690    16M / 3G    INFO   Simplification           (parallel_processing.hpp   : 167)   Bulge remover triggered 0 times
  0:00:00.690    16M / 3G    INFO   Simplification           (parallel_processing.hpp   : 165)   Running Low coverage edge remover
  0:00:00.690    16M / 3G    INFO   Simplification           (parallel_processing.hpp   : 167)   Low coverage edge remover triggered 0 times
  0:00:00.690    16M / 3G    INFO    General                 (simplification.cpp        : 362)   PROCEDURE == Simplification cycle, iteration 3
  0:00:00.690    16M / 3G    INFO   Simplification           (parallel_processing.hpp   : 165)   Running Tip clipper
  0:00:00.690    16M / 3G    INFO   Simplification           (parallel_processing.hpp   : 167)   Tip clipper triggered 0 times
  0:00:00.690    16M / 3G    INFO   Simplification           (parallel_processing.hpp   : 165)   Running Bulge remover
  0:00:00.690    16M / 3G    INFO   Simplification           (parallel_processing.hpp   : 167)   Bulge remover triggered 0 times
  0:00:00.690    16M / 3G    INFO   Simplification           (parallel_processing.hpp   : 165)   Running Low coverage edge remover
  0:00:00.690    16M / 3G    INFO   Simplification           (parallel_processing.hpp   : 167)   Low coverage edge remover triggered 1 times
  0:00:00.690    16M / 3G    INFO    General                 (simplification.cpp        : 362)   PROCEDURE == Simplification cycle, iteration 4
  0:00:00.690    16M / 3G    INFO   Simplification           (parallel_processing.hpp   : 165)   Running Tip clipper
  0:00:00.690    16M / 3G    INFO   Simplification           (parallel_processing.hpp   : 167)   Tip clipper triggered 0 times
  0:00:00.690    16M / 3G    INFO   Simplification           (parallel_processing.hpp   : 165)   Running Bulge remover
  0:00:00.690    16M / 3G    INFO   Simplification           (parallel_processing.hpp   : 167)   Bulge remover triggered 0 times
  0:00:00.690    16M / 3G    INFO   Simplification           (parallel_processing.hpp   : 165)   Running Low coverage edge remover
  0:00:00.690    16M / 3G    INFO   Simplification           (parallel_processing.hpp   : 167)   Low coverage edge remover triggered 0 times
  0:00:00.690    16M / 3G    INFO    General                 (simplification.cpp        : 362)   PROCEDURE == Simplification cycle, iteration 5
  0:00:00.690    16M / 3G    INFO   Simplification           (parallel_processing.hpp   : 165)   Running Tip clipper
  0:00:00.690    16M / 3G    INFO   Simplification           (parallel_processing.hpp   : 167)   Tip clipper triggered 0 times
  0:00:00.690    16M / 3G    INFO   Simplification           (parallel_processing.hpp   : 165)   Running Bulge remover
  0:00:00.690    16M / 3G    INFO   Simplification           (parallel_processing.hpp   : 167)   Bulge remover triggered 0 times
  0:00:00.690    16M / 3G    INFO   Simplification           (parallel_processing.hpp   : 165)   Running Low coverage edge remover
  0:00:00.690    16M / 3G    INFO   Simplification           (parallel_processing.hpp   : 167)   Low coverage edge remover triggered 0 times
  0:00:00.690    16M / 3G    INFO    General                 (simplification.cpp        : 362)   PROCEDURE == Simplification cycle, iteration 6
  0:00:00.690    16M / 3G    INFO   Simplification           (parallel_processing.hpp   : 165)   Running Tip clipper
  0:00:00.690    16M / 3G    INFO   Simplification           (parallel_processing.hpp   : 167)   Tip clipper triggered 0 times
  0:00:00.690    16M / 3G    INFO   Simplification           (parallel_processing.hpp   : 165)   Running Bulge remover
  0:00:00.690    16M / 3G    INFO   Simplification           (parallel_processing.hpp   : 167)   Bulge remover triggered 0 times
  0:00:00.690    16M / 3G    INFO   Simplification           (parallel_processing.hpp   : 165)   Running Low coverage edge remover
  0:00:00.690    16M / 3G    INFO   Simplification           (parallel_processing.hpp   : 167)   Low coverage edge remover triggered 0 times
  0:00:00.690    16M / 3G    INFO    General                 (simplification.cpp        : 362)   PROCEDURE == Simplification cycle, iteration 7
  0:00:00.690    16M / 3G    INFO   Simplification           (parallel_processing.hpp   : 165)   Running Tip clipper
  0:00:00.690    16M / 3G    INFO   Simplification           (parallel_processing.hpp   : 167)   Tip clipper triggered 0 times
  0:00:00.690    16M / 3G    INFO   Simplification           (parallel_processing.hpp   : 165)   Running Bulge remover
  0:00:00.690    16M / 3G    INFO   Simplification           (parallel_processing.hpp   : 167)   Bulge remover triggered 0 times
  0:00:00.690    16M / 3G    INFO   Simplification           (parallel_processing.hpp   : 165)   Running Low coverage edge remover
  0:00:00.690    16M / 3G    INFO   Simplification           (parallel_processing.hpp   : 167)   Low coverage edge remover triggered 0 times
  0:00:00.690    16M / 3G    INFO    General                 (simplification.cpp        : 362)   PROCEDURE == Simplification cycle, iteration 8
  0:00:00.690    16M / 3G    INFO   Simplification           (parallel_processing.hpp   : 165)   Running Tip clipper
  0:00:00.690    16M / 3G    INFO   Simplification           (parallel_processing.hpp   : 167)   Tip clipper triggered 0 times
  0:00:00.690    16M / 3G    INFO   Simplification           (parallel_processing.hpp   : 165)   Running Bulge remover
  0:00:00.690    16M / 3G    INFO   Simplification           (parallel_processing.hpp   : 167)   Bulge remover triggered 0 times
  0:00:00.690    16M / 3G    INFO   Simplification           (parallel_processing.hpp   : 165)   Running Low coverage edge remover
  0:00:00.690    16M / 3G    INFO   Simplification           (parallel_processing.hpp   : 167)   Low coverage edge remover triggered 0 times
  0:00:00.690    16M / 3G    INFO    General                 (simplification.cpp        : 362)   PROCEDURE == Simplification cycle, iteration 9
  0:00:00.690    16M / 3G    INFO   Simplification           (parallel_processing.hpp   : 165)   Running Tip clipper
  0:00:00.690    16M / 3G    INFO   Simplification           (parallel_processing.hpp   : 167)   Tip clipper triggered 0 times
  0:00:00.690    16M / 3G    INFO   Simplification           (parallel_processing.hpp   : 165)   Running Bulge remover
  0:00:00.690    16M / 3G    INFO   Simplification           (parallel_processing.hpp   : 167)   Bulge remover triggered 0 times
  0:00:00.690    16M / 3G    INFO   Simplification           (parallel_processing.hpp   : 165)   Running Low coverage edge remover
  0:00:00.691    16M / 3G    INFO   Simplification           (parallel_processing.hpp   : 167)   Low coverage edge remover triggered 0 times
  0:00:00.691    16M / 3G    INFO    General                 (simplification.cpp        : 362)   PROCEDURE == Simplification cycle, iteration 10
  0:00:00.691    16M / 3G    INFO   Simplification           (parallel_processing.hpp   : 165)   Running Tip clipper
  0:00:00.691    16M / 3G    INFO   Simplification           (parallel_processing.hpp   : 167)   Tip clipper triggered 0 times
  0:00:00.691    16M / 3G    INFO   Simplification           (parallel_processing.hpp   : 165)   Running Bulge remover
  0:00:00.691    16M / 3G    INFO   Simplification           (parallel_processing.hpp   : 167)   Bulge remover triggered 0 times
  0:00:00.691    16M / 3G    INFO   Simplification           (parallel_processing.hpp   : 165)   Running Low coverage edge remover
  0:00:00.691    16M / 3G    INFO   Simplification           (parallel_processing.hpp   : 167)   Low coverage edge remover triggered 0 times
  0:00:00.691    16M / 3G    INFO    General                 (simplification.cpp        : 362)   PROCEDURE == Simplification cycle, iteration 11
  0:00:00.691    16M / 3G    INFO   Simplification           (parallel_processing.hpp   : 165)   Running Tip clipper
  0:00:00.691    16M / 3G    INFO   Simplification           (parallel_processing.hpp   : 167)   Tip clipper triggered 0 times
  0:00:00.691    16M / 3G    INFO   Simplification           (parallel_processing.hpp   : 165)   Running Bulge remover
  0:00:00.691    16M / 3G    INFO   Simplification           (parallel_processing.hpp   : 167)   Bulge remover triggered 0 times
  0:00:00.691    16M / 3G    INFO   Simplification           (parallel_processing.hpp   : 165)   Running Low coverage edge remover
  0:00:00.691    16M / 3G    INFO   Simplification           (parallel_processing.hpp   : 167)   Low coverage edge remover triggered 0 times
  0:00:00.691    16M / 3G    INFO   StageManager             (stage.cpp                 : 132)   STAGE == Simplification Cleanup
  0:00:00.691    16M / 3G    INFO    General                 (simplification.cpp        : 196)   PROCEDURE == Post simplification
  0:00:00.691    16M / 3G    INFO    General                 (graph_simplification.hpp  : 458)   Disconnection of relatively low covered edges disabled
  0:00:00.691    16M / 3G    INFO    General                 (graph_simplification.hpp  : 494)   Complex tip clipping disabled
  0:00:00.691    16M / 3G    INFO    General                 (graph_simplification.hpp  : 641)   Creating parallel br instance
  0:00:00.691    16M / 3G    INFO   Simplification           (parallel_processing.hpp   : 165)   Running Tip clipper
  0:00:00.691    16M / 3G    INFO   Simplification           (parallel_processing.hpp   : 167)   Tip clipper triggered 0 times
  0:00:00.691    16M / 3G    INFO   Simplification           (parallel_processing.hpp   : 165)   Running Bulge remover
  0:00:00.691    16M / 3G    INFO   Simplification           (parallel_processing.hpp   : 167)   Bulge remover triggered 0 times
  0:00:00.691    16M / 3G    INFO   Simplification           (parallel_processing.hpp   : 165)   Running Tip clipper
  0:00:00.691    16M / 3G    INFO   Simplification           (parallel_processing.hpp   : 167)   Tip clipper triggered 0 times
  0:00:00.691    16M / 3G    INFO   Simplification           (parallel_processing.hpp   : 165)   Running Bulge remover
  0:00:00.692    16M / 3G    INFO   Simplification           (parallel_processing.hpp   : 167)   Bulge remover triggered 0 times
  0:00:00.692    16M / 3G    INFO    General                 (simplification.cpp        : 330)   Disrupting self-conjugate edges
  0:00:00.692    16M / 3G    INFO   Simplification           (parallel_processing.hpp   : 165)   Running Removing isolated edges
  0:00:00.692    16M / 3G    INFO   Simplification           (parallel_processing.hpp   : 167)   Removing isolated edges triggered 72 times
  0:00:00.692    16M / 3G    INFO    General                 (simplification.cpp        : 470)   Counting average coverage
  0:00:00.692    16M / 3G    INFO    General                 (simplification.cpp        : 476)   Average coverage = 2.22272
  0:00:00.692    16M / 3G    WARN    General                 (simplification.cpp        : 479)   The determined erroneous connection coverage threshold may be determined improperly
  0:00:00.692    16M / 3G    INFO   StageManager             (stage.cpp                 : 132)   STAGE == Contig Output
  0:00:00.693    16M / 3G    INFO    General                 (contig_output.hpp         :  22)   Outputting contigs to /Users/cmdb/qbb2019-answers/20190913/spades//K21/simplified_contigs.fasta
  0:00:00.696    16M / 3G    INFO    General                 (launch.hpp                : 151)   SPAdes finished
  0:00:00.697    16M / 3G    INFO    General                 (main.cpp                  : 109)   Assembling time: 0 hours 0 minutes 0 seconds
Max read length detected as 100

== Running assembler: K33

  0:00:00.000     4M / 4M    INFO    General                 (main.cpp                  :  74)   Loaded config from /Users/cmdb/qbb2019-answers/20190913/spades/K33/configs/config.info
  0:00:00.000     4M / 4M    INFO    General                 (memory_limit.cpp          :  49)   Memory limit set to 250 Gb
  0:00:00.000     4M / 4M    INFO    General                 (main.cpp                  :  87)   Starting SPAdes, built from N/A, git revision N/A
  0:00:00.000     4M / 4M    INFO    General                 (main.cpp                  :  88)   Maximum k-mer length: 128
  0:00:00.000     4M / 4M    INFO    General                 (main.cpp                  :  89)   Assembling dataset (/Users/cmdb/qbb2019-answers/20190913/spades/dataset.info) with K=33
  0:00:00.000     4M / 4M    INFO    General                 (main.cpp                  :  90)   Maximum # of threads to use (adjusted due to OMP capabilities): 4
  0:00:00.000     4M / 4M    INFO    General                 (launch.hpp                :  52)   SPAdes started
  0:00:00.000     4M / 4M    INFO    General                 (launch.hpp                :  59)   Starting from stage: construction
  0:00:00.000     4M / 4M    INFO    General                 (launch.hpp                :  66)   Two-step RR enabled: 0
  0:00:00.000     4M / 4M    INFO   StageManager             (stage.cpp                 : 132)   STAGE == de Bruijn graph construction
  0:00:00.002     4M / 4M    INFO    General                 (read_converter.hpp        :  59)   Binary reads detected
  0:00:00.006     4M / 4M    INFO    General                 (construction.cpp          : 111)   Max read length 100
  0:00:00.006     4M / 4M    INFO    General                 (construction.cpp          : 117)   Average read length 93.5465
  0:00:00.006     4M / 4M    INFO    General                 (stage.cpp                 : 101)   PROCEDURE == k+1-mer counting
  0:00:00.006     4M / 4M    INFO    General                 (kmer_index_builder.hpp    : 117)   Splitting kmer instances into 16 files using 4 threads. This might take a while.
  0:00:00.006     4M / 4M    INFO    General                 (file_limit.hpp            :  32)   Open file limit set to 256
  0:00:00.006     4M / 4M    INFO    General                 (kmer_splitters.hpp        :  89)   Memory available for splitting buffers: 20.833 Gb
  0:00:00.006     4M / 4M    INFO    General                 (kmer_splitters.hpp        :  97)   Using cell size of 2097152
  0:00:00.021     2G / 2G    INFO    General                 (kmer_splitters.hpp        : 295)   Adding contigs from previous K
  0:00:00.040    16M / 2G    INFO    General                 (kmer_splitters.hpp        : 308)   Used 3978 reads
  0:00:00.040    16M / 2G    INFO    General                 (kmer_index_builder.hpp    : 120)   Starting k-mer counting.
  0:00:00.064    16M / 2G    INFO    General                 (kmer_index_builder.hpp    : 127)   K-mer counting done. There are 68688 kmers in total.
  0:00:00.064    16M / 2G    INFO    General                 (kmer_index_builder.hpp    : 133)   Merging temporary buckets.
  0:00:00.077    16M / 2G    INFO    General                 (stage.cpp                 : 101)   PROCEDURE == Extension index construction
  0:00:00.077    16M / 2G    INFO   K-mer Index Building     (kmer_index_builder.hpp    : 301)   Building kmer index
  0:00:00.077    16M / 2G    INFO    General                 (kmer_index_builder.hpp    : 117)   Splitting kmer instances into 64 files using 4 threads. This might take a while.
  0:00:00.077    16M / 2G    INFO    General                 (file_limit.hpp            :  32)   Open file limit set to 256
  0:00:00.077    16M / 2G    INFO    General                 (kmer_splitters.hpp        :  89)   Memory available for splitting buffers: 20.832 Gb
  0:00:00.077    16M / 2G    INFO    General                 (kmer_splitters.hpp        :  97)   Using cell size of 524288
  0:00:00.112     3G / 3G    INFO    General                 (kmer_splitters.hpp        : 380)   Processed 68688 kmers
  0:00:00.112     3G / 3G    INFO    General                 (kmer_splitters.hpp        : 385)   Used 68688 kmers.
  0:00:00.114    16M / 3G    INFO    General                 (kmer_index_builder.hpp    : 120)   Starting k-mer counting.
  0:00:00.195    16M / 3G    INFO    General                 (kmer_index_builder.hpp    : 127)   K-mer counting done. There are 69152 kmers in total.
  0:00:00.195    16M / 3G    INFO    General                 (kmer_index_builder.hpp    : 133)   Merging temporary buckets.
  0:00:00.240    16M / 3G    INFO   K-mer Index Building     (kmer_index_builder.hpp    : 314)   Building perfect hash indices
  0:00:00.293    16M / 3G    INFO    General                 (kmer_index_builder.hpp    : 150)   Merging final buckets.
  0:00:00.302    16M / 3G    INFO   K-mer Index Building     (kmer_index_builder.hpp    : 336)   Index built. Total 40936 bytes occupied (4.73577 bits per kmer).
  0:00:00.302    16M / 3G    INFO   DeBruijnExtensionIndexBu (kmer_extension_index_build:  99)   Building k-mer extensions from k+1-mers
  0:00:00.309    16M / 3G    INFO   DeBruijnExtensionIndexBu (kmer_extension_index_build: 103)   Building k-mer extensions from k+1-mers finished.
  0:00:00.309    16M / 3G    INFO    General                 (stage.cpp                 : 101)   PROCEDURE == Early tip clipping
  0:00:00.309    16M / 3G    INFO    General                 (construction.cpp          : 253)   Early tip clipper length bound set as (RL - K)
  0:00:00.309    16M / 3G    INFO   Early tip clipping       (early_simplification.hpp  : 181)   Early tip clipping
  0:00:00.333    16M / 3G    INFO   Early tip clipping       (early_simplification.hpp  : 184)   24 34-mers were removed by early tip clipper
  0:00:00.333    16M / 3G    INFO    General                 (stage.cpp                 : 101)   PROCEDURE == Condensing graph
  0:00:00.338    16M / 3G    INFO   UnbranchingPathExtractor (debruijn_graph_constructor: 355)   Extracting unbranching paths
  0:00:00.348    16M / 3G    INFO   UnbranchingPathExtractor (debruijn_graph_constructor: 374)   Extracting unbranching paths finished. 480 sequences extracted
  0:00:00.355    16M / 3G    INFO   UnbranchingPathExtractor (debruijn_graph_constructor: 310)   Collecting perfect loops
  0:00:00.362    16M / 3G    INFO   UnbranchingPathExtractor (debruijn_graph_constructor: 343)   Collecting perfect loops finished. 0 loops collected
  0:00:00.363    16M / 3G    INFO    General                 (stage.cpp                 : 101)   PROCEDURE == Filling coverage indices (PHM)
  0:00:00.363    16M / 3G    INFO   K-mer Index Building     (kmer_index_builder.hpp    : 301)   Building kmer index
  0:00:00.363    16M / 3G    INFO   K-mer Index Building     (kmer_index_builder.hpp    : 314)   Building perfect hash indices
  0:00:00.371    16M / 3G    INFO   K-mer Index Building     (kmer_index_builder.hpp    : 336)   Index built. Total 33976 bytes occupied (3.95714 bits per kmer).
  0:00:00.371    16M / 3G    INFO    General                 (construction.cpp          : 388)   Collecting k-mer coverage information from reads, this takes a while.
  0:00:00.379    16M / 3G    INFO    General                 (construction.cpp          : 508)   Filling coverage and flanking coverage from PHM
  0:00:00.385    16M / 3G    INFO   StageManager             (stage.cpp                 : 132)   STAGE == EC Threshold Finding
  0:00:00.385    16M / 3G    INFO    General                 (kmer_coverage_model.cpp   : 181)   Kmer coverage valley at: 8
  0:00:00.385    16M / 3G    INFO    General                 (kmer_coverage_model.cpp   : 201)   K-mer histogram maximum: 9
  0:00:00.385    16M / 3G    WARN    General                 (kmer_coverage_model.cpp   : 218)   Too many erroneous kmers, the estimates might be unreliable
  0:00:00.385    16M / 3G    INFO    General                 (kmer_coverage_model.cpp   : 237)   Estimated median coverage: 9. Coverage mad: 9.94558
  0:00:00.385    16M / 3G    INFO    General                 (kmer_coverage_model.cpp   : 259)   Fitting coverage model
  0:00:00.386    16M / 3G    INFO    General                 (kmer_coverage_model.cpp   : 295)   ... iteration 2
  0:00:00.389    16M / 3G    INFO    General                 (kmer_coverage_model.cpp   : 295)   ... iteration 4
  0:00:00.397    16M / 3G    INFO    General                 (kmer_coverage_model.cpp   : 295)   ... iteration 8
  0:00:00.408    16M / 3G    INFO    General                 (kmer_coverage_model.cpp   : 295)   ... iteration 16
  0:00:00.410    16M / 3G    INFO    General                 (kmer_coverage_model.cpp   : 309)   Fitted mean coverage: 11.6741. Fitted coverage std. dev: 2.02029
  0:00:00.410    16M / 3G    INFO    General                 (kmer_coverage_model.cpp   : 334)   Probability of erroneous kmer at valley: 0.549692
  0:00:00.410    16M / 3G    INFO    General                 (kmer_coverage_model.cpp   : 358)   Preliminary threshold calculated as: 15
  0:00:00.410    16M / 3G    INFO    General                 (kmer_coverage_model.cpp   : 362)   Threshold adjusted to: 9
  0:00:00.410    16M / 3G    INFO    General                 (kmer_coverage_model.cpp   : 375)   Estimated genome size (ignoring repeats): 222
  0:00:00.411    16M / 3G    INFO    General                 (genomic_info_filler.cpp   : 112)   Mean coverage was calculated as 11.6741
  0:00:00.411    16M / 3G    INFO    General                 (genomic_info_filler.cpp   : 127)   EC coverage threshold value was calculated as 9
  0:00:00.411    16M / 3G    INFO    General                 (genomic_info_filler.cpp   : 128)   Trusted kmer low bound: 0
  0:00:00.411    16M / 3G    INFO   StageManager             (stage.cpp                 : 132)   STAGE == Raw Simplification
  0:00:00.411    16M / 3G    INFO    General                 (simplification.cpp        : 128)   PROCEDURE == InitialCleaning
  0:00:00.411    16M / 3G    INFO    General                 (graph_simplification.hpp  : 669)   Flanking coverage based disconnection disabled
  0:00:00.411    16M / 3G    INFO   Simplification           (parallel_processing.hpp   : 165)   Running Self conjugate edge remover
  0:00:00.411    16M / 3G    INFO   Simplification           (parallel_processing.hpp   : 167)   Self conjugate edge remover triggered 0 times
  0:00:00.411    16M / 3G    INFO   Simplification           (parallel_processing.hpp   : 165)   Running Initial tip clipper
  0:00:00.411    16M / 3G    INFO   Simplification           (parallel_processing.hpp   : 167)   Initial tip clipper triggered 1 times
  0:00:00.411    16M / 3G    INFO   Simplification           (parallel_processing.hpp   : 165)   Running Initial ec remover
  0:00:00.411    16M / 3G    INFO   Simplification           (parallel_processing.hpp   : 167)   Initial ec remover triggered 1 times
  0:00:00.411    16M / 3G    INFO   Simplification           (parallel_processing.hpp   : 165)   Running Initial isolated edge remover
  0:00:00.412    16M / 3G    INFO   Simplification           (parallel_processing.hpp   : 167)   Initial isolated edge remover triggered 286 times
  0:00:00.412    16M / 3G    INFO   StageManager             (stage.cpp                 : 132)   STAGE == Simplification
  0:00:00.412    16M / 3G    INFO    General                 (simplification.cpp        : 357)   Graph simplification started
  0:00:00.412    16M / 3G    INFO    General                 (graph_simplification.hpp  : 641)   Creating parallel br instance
  0:00:00.412    16M / 3G    INFO    General                 (simplification.cpp        : 362)   PROCEDURE == Simplification cycle, iteration 1
  0:00:00.412    16M / 3G    INFO   Simplification           (parallel_processing.hpp   : 165)   Running Tip clipper
  0:00:00.412    16M / 3G    INFO   Simplification           (parallel_processing.hpp   : 167)   Tip clipper triggered 1 times
  0:00:00.412    16M / 3G    INFO   Simplification           (parallel_processing.hpp   : 165)   Running Bulge remover
  0:00:00.413    16M / 3G    INFO   Simplification           (parallel_processing.hpp   : 167)   Bulge remover triggered 1 times
  0:00:00.413    16M / 3G    INFO   Simplification           (parallel_processing.hpp   : 165)   Running Low coverage edge remover
  0:00:00.413    16M / 3G    INFO   Simplification           (parallel_processing.hpp   : 167)   Low coverage edge remover triggered 0 times
  0:00:00.413    16M / 3G    INFO    General                 (simplification.cpp        : 362)   PROCEDURE == Simplification cycle, iteration 2
  0:00:00.413    16M / 3G    INFO   Simplification           (parallel_processing.hpp   : 165)   Running Tip clipper
  0:00:00.413    16M / 3G    INFO   Simplification           (parallel_processing.hpp   : 167)   Tip clipper triggered 0 times
  0:00:00.413    16M / 3G    INFO   Simplification           (parallel_processing.hpp   : 165)   Running Bulge remover
  0:00:00.413    16M / 3G    INFO   Simplification           (parallel_processing.hpp   : 167)   Bulge remover triggered 0 times
  0:00:00.413    16M / 3G    INFO   Simplification           (parallel_processing.hpp   : 165)   Running Low coverage edge remover
  0:00:00.413    16M / 3G    INFO   Simplification           (parallel_processing.hpp   : 167)   Low coverage edge remover triggered 0 times
  0:00:00.413    16M / 3G    INFO    General                 (simplification.cpp        : 362)   PROCEDURE == Simplification cycle, iteration 3
  0:00:00.413    16M / 3G    INFO   Simplification           (parallel_processing.hpp   : 165)   Running Tip clipper
  0:00:00.413    16M / 3G    INFO   Simplification           (parallel_processing.hpp   : 167)   Tip clipper triggered 0 times
  0:00:00.413    16M / 3G    INFO   Simplification           (parallel_processing.hpp   : 165)   Running Bulge remover
  0:00:00.413    16M / 3G    INFO   Simplification           (parallel_processing.hpp   : 167)   Bulge remover triggered 0 times
  0:00:00.413    16M / 3G    INFO   Simplification           (parallel_processing.hpp   : 165)   Running Low coverage edge remover
  0:00:00.413    16M / 3G    INFO   Simplification           (parallel_processing.hpp   : 167)   Low coverage edge remover triggered 1 times
  0:00:00.413    16M / 3G    INFO    General                 (simplification.cpp        : 362)   PROCEDURE == Simplification cycle, iteration 4
  0:00:00.413    16M / 3G    INFO   Simplification           (parallel_processing.hpp   : 165)   Running Tip clipper
  0:00:00.413    16M / 3G    INFO   Simplification           (parallel_processing.hpp   : 167)   Tip clipper triggered 0 times
  0:00:00.413    16M / 3G    INFO   Simplification           (parallel_processing.hpp   : 165)   Running Bulge remover
  0:00:00.413    16M / 3G    INFO   Simplification           (parallel_processing.hpp   : 167)   Bulge remover triggered 0 times
  0:00:00.413    16M / 3G    INFO   Simplification           (parallel_processing.hpp   : 165)   Running Low coverage edge remover
  0:00:00.413    16M / 3G    INFO   Simplification           (parallel_processing.hpp   : 167)   Low coverage edge remover triggered 0 times
  0:00:00.413    16M / 3G    INFO    General                 (simplification.cpp        : 362)   PROCEDURE == Simplification cycle, iteration 5
  0:00:00.413    16M / 3G    INFO   Simplification           (parallel_processing.hpp   : 165)   Running Tip clipper
  0:00:00.413    16M / 3G    INFO   Simplification           (parallel_processing.hpp   : 167)   Tip clipper triggered 0 times
  0:00:00.413    16M / 3G    INFO   Simplification           (parallel_processing.hpp   : 165)   Running Bulge remover
  0:00:00.413    16M / 3G    INFO   Simplification           (parallel_processing.hpp   : 167)   Bulge remover triggered 0 times
  0:00:00.413    16M / 3G    INFO   Simplification           (parallel_processing.hpp   : 165)   Running Low coverage edge remover
  0:00:00.413    16M / 3G    INFO   Simplification           (parallel_processing.hpp   : 167)   Low coverage edge remover triggered 0 times
  0:00:00.413    16M / 3G    INFO    General                 (simplification.cpp        : 362)   PROCEDURE == Simplification cycle, iteration 6
  0:00:00.413    16M / 3G    INFO   Simplification           (parallel_processing.hpp   : 165)   Running Tip clipper
  0:00:00.413    16M / 3G    INFO   Simplification           (parallel_processing.hpp   : 167)   Tip clipper triggered 0 times
  0:00:00.413    16M / 3G    INFO   Simplification           (parallel_processing.hpp   : 165)   Running Bulge remover
  0:00:00.413    16M / 3G    INFO   Simplification           (parallel_processing.hpp   : 167)   Bulge remover triggered 0 times
  0:00:00.413    16M / 3G    INFO   Simplification           (parallel_processing.hpp   : 165)   Running Low coverage edge remover
  0:00:00.413    16M / 3G    INFO   Simplification           (parallel_processing.hpp   : 167)   Low coverage edge remover triggered 0 times
  0:00:00.413    16M / 3G    INFO    General                 (simplification.cpp        : 362)   PROCEDURE == Simplification cycle, iteration 7
  0:00:00.413    16M / 3G    INFO   Simplification           (parallel_processing.hpp   : 165)   Running Tip clipper
  0:00:00.413    16M / 3G    INFO   Simplification           (parallel_processing.hpp   : 167)   Tip clipper triggered 0 times
  0:00:00.413    16M / 3G    INFO   Simplification           (parallel_processing.hpp   : 165)   Running Bulge remover
  0:00:00.413    16M / 3G    INFO   Simplification           (parallel_processing.hpp   : 167)   Bulge remover triggered 0 times
  0:00:00.413    16M / 3G    INFO   Simplification           (parallel_processing.hpp   : 165)   Running Low coverage edge remover
  0:00:00.413    16M / 3G    INFO   Simplification           (parallel_processing.hpp   : 167)   Low coverage edge remover triggered 0 times
  0:00:00.413    16M / 3G    INFO    General                 (simplification.cpp        : 362)   PROCEDURE == Simplification cycle, iteration 8
  0:00:00.413    16M / 3G    INFO   Simplification           (parallel_processing.hpp   : 165)   Running Tip clipper
  0:00:00.413    16M / 3G    INFO   Simplification           (parallel_processing.hpp   : 167)   Tip clipper triggered 0 times
  0:00:00.413    16M / 3G    INFO   Simplification           (parallel_processing.hpp   : 165)   Running Bulge remover
  0:00:00.413    16M / 3G    INFO   Simplification           (parallel_processing.hpp   : 167)   Bulge remover triggered 0 times
  0:00:00.413    16M / 3G    INFO   Simplification           (parallel_processing.hpp   : 165)   Running Low coverage edge remover
  0:00:00.413    16M / 3G    INFO   Simplification           (parallel_processing.hpp   : 167)   Low coverage edge remover triggered 0 times
  0:00:00.413    16M / 3G    INFO    General                 (simplification.cpp        : 362)   PROCEDURE == Simplification cycle, iteration 9
  0:00:00.413    16M / 3G    INFO   Simplification           (parallel_processing.hpp   : 165)   Running Tip clipper
  0:00:00.413    16M / 3G    INFO   Simplification           (parallel_processing.hpp   : 167)   Tip clipper triggered 0 times
  0:00:00.413    16M / 3G    INFO   Simplification           (parallel_processing.hpp   : 165)   Running Bulge remover
  0:00:00.413    16M / 3G    INFO   Simplification           (parallel_processing.hpp   : 167)   Bulge remover triggered 0 times
  0:00:00.413    16M / 3G    INFO   Simplification           (parallel_processing.hpp   : 165)   Running Low coverage edge remover
  0:00:00.413    16M / 3G    INFO   Simplification           (parallel_processing.hpp   : 167)   Low coverage edge remover triggered 0 times
  0:00:00.413    16M / 3G    INFO    General                 (simplification.cpp        : 362)   PROCEDURE == Simplification cycle, iteration 10
  0:00:00.413    16M / 3G    INFO   Simplification           (parallel_processing.hpp   : 165)   Running Tip clipper
  0:00:00.413    16M / 3G    INFO   Simplification           (parallel_processing.hpp   : 167)   Tip clipper triggered 0 times
  0:00:00.413    16M / 3G    INFO   Simplification           (parallel_processing.hpp   : 165)   Running Bulge remover
  0:00:00.413    16M / 3G    INFO   Simplification           (parallel_processing.hpp   : 167)   Bulge remover triggered 0 times
  0:00:00.413    16M / 3G    INFO   Simplification           (parallel_processing.hpp   : 165)   Running Low coverage edge remover
  0:00:00.413    16M / 3G    INFO   Simplification           (parallel_processing.hpp   : 167)   Low coverage edge remover triggered 0 times
  0:00:00.413    16M / 3G    INFO    General                 (simplification.cpp        : 362)   PROCEDURE == Simplification cycle, iteration 11
  0:00:00.413    16M / 3G    INFO   Simplification           (parallel_processing.hpp   : 165)   Running Tip clipper
  0:00:00.413    16M / 3G    INFO   Simplification           (parallel_processing.hpp   : 167)   Tip clipper triggered 0 times
  0:00:00.413    16M / 3G    INFO   Simplification           (parallel_processing.hpp   : 165)   Running Bulge remover
  0:00:00.413    16M / 3G    INFO   Simplification           (parallel_processing.hpp   : 167)   Bulge remover triggered 0 times
  0:00:00.413    16M / 3G    INFO   Simplification           (parallel_processing.hpp   : 165)   Running Low coverage edge remover
  0:00:00.414    16M / 3G    INFO   Simplification           (parallel_processing.hpp   : 167)   Low coverage edge remover triggered 0 times
  0:00:00.414    16M / 3G    INFO   StageManager             (stage.cpp                 : 132)   STAGE == Simplification Cleanup
  0:00:00.414    16M / 3G    INFO    General                 (simplification.cpp        : 196)   PROCEDURE == Post simplification
  0:00:00.414    16M / 3G    INFO    General                 (graph_simplification.hpp  : 458)   Disconnection of relatively low covered edges disabled
  0:00:00.414    16M / 3G    INFO    General                 (graph_simplification.hpp  : 494)   Complex tip clipping disabled
  0:00:00.414    16M / 3G    INFO    General                 (graph_simplification.hpp  : 641)   Creating parallel br instance
  0:00:00.414    16M / 3G    INFO   Simplification           (parallel_processing.hpp   : 165)   Running Tip clipper
  0:00:00.414    16M / 3G    INFO   Simplification           (parallel_processing.hpp   : 167)   Tip clipper triggered 0 times
  0:00:00.414    16M / 3G    INFO   Simplification           (parallel_processing.hpp   : 165)   Running Bulge remover
  0:00:00.414    16M / 3G    INFO   Simplification           (parallel_processing.hpp   : 167)   Bulge remover triggered 0 times
  0:00:00.414    16M / 3G    INFO   Simplification           (parallel_processing.hpp   : 165)   Running Tip clipper
  0:00:00.414    16M / 3G    INFO   Simplification           (parallel_processing.hpp   : 167)   Tip clipper triggered 0 times
  0:00:00.414    16M / 3G    INFO   Simplification           (parallel_processing.hpp   : 165)   Running Bulge remover
  0:00:00.414    16M / 3G    INFO   Simplification           (parallel_processing.hpp   : 167)   Bulge remover triggered 0 times
  0:00:00.414    16M / 3G    INFO    General                 (simplification.cpp        : 330)   Disrupting self-conjugate edges
  0:00:00.414    16M / 3G    INFO   Simplification           (parallel_processing.hpp   : 165)   Running Removing isolated edges
  0:00:00.414    16M / 3G    INFO   Simplification           (parallel_processing.hpp   : 167)   Removing isolated edges triggered 47 times
  0:00:00.414    16M / 3G    INFO    General                 (simplification.cpp        : 470)   Counting average coverage
  0:00:00.414    16M / 3G    INFO    General                 (simplification.cpp        : 476)   Average coverage = 1.92392
  0:00:00.414    16M / 3G    WARN    General                 (simplification.cpp        : 479)   The determined erroneous connection coverage threshold may be determined improperly
  0:00:00.414    16M / 3G    INFO   StageManager             (stage.cpp                 : 132)   STAGE == Contig Output
  0:00:00.414    16M / 3G    INFO    General                 (contig_output.hpp         :  22)   Outputting contigs to /Users/cmdb/qbb2019-answers/20190913/spades//K33/simplified_contigs.fasta
  0:00:00.418    16M / 3G    INFO    General                 (launch.hpp                : 151)   SPAdes finished
  0:00:00.418    16M / 3G    INFO    General                 (main.cpp                  : 109)   Assembling time: 0 hours 0 minutes 0 seconds

== Running assembler: K55

  0:00:00.000     4M / 4M    INFO    General                 (main.cpp                  :  74)   Loaded config from /Users/cmdb/qbb2019-answers/20190913/spades/K55/configs/config.info
  0:00:00.000     4M / 4M    INFO    General                 (memory_limit.cpp          :  49)   Memory limit set to 250 Gb
  0:00:00.000     4M / 4M    INFO    General                 (main.cpp                  :  87)   Starting SPAdes, built from N/A, git revision N/A
  0:00:00.000     4M / 4M    INFO    General                 (main.cpp                  :  88)   Maximum k-mer length: 128
  0:00:00.000     4M / 4M    INFO    General                 (main.cpp                  :  89)   Assembling dataset (/Users/cmdb/qbb2019-answers/20190913/spades/dataset.info) with K=55
  0:00:00.000     4M / 4M    INFO    General                 (main.cpp                  :  90)   Maximum # of threads to use (adjusted due to OMP capabilities): 4
  0:00:00.000     4M / 4M    INFO    General                 (launch.hpp                :  52)   SPAdes started
  0:00:00.000     4M / 4M    INFO    General                 (launch.hpp                :  59)   Starting from stage: construction
  0:00:00.000     4M / 4M    INFO    General                 (launch.hpp                :  66)   Two-step RR enabled: 0
  0:00:00.000     4M / 4M    INFO    General                 (launch.hpp                :  77)   Will need read mapping, kmer mapper will be attached
  0:00:00.000     4M / 4M    INFO   StageManager             (stage.cpp                 : 132)   STAGE == de Bruijn graph construction
  0:00:00.001     4M / 4M    INFO    General                 (read_converter.hpp        :  59)   Binary reads detected
  0:00:00.004     4M / 4M    INFO    General                 (construction.cpp          : 111)   Max read length 100
  0:00:00.004     4M / 4M    INFO    General                 (construction.cpp          : 117)   Average read length 93.5465
  0:00:00.004     4M / 4M    INFO    General                 (stage.cpp                 : 101)   PROCEDURE == k+1-mer counting
  0:00:00.004     4M / 4M    INFO    General                 (kmer_index_builder.hpp    : 117)   Splitting kmer instances into 16 files using 4 threads. This might take a while.
  0:00:00.004     4M / 4M    INFO    General                 (file_limit.hpp            :  32)   Open file limit set to 256
  0:00:00.004     4M / 4M    INFO    General                 (kmer_splitters.hpp        :  89)   Memory available for splitting buffers: 20.833 Gb
  0:00:00.004     4M / 4M    INFO    General                 (kmer_splitters.hpp        :  97)   Using cell size of 2097152
  0:00:00.017     2G / 2G    INFO    General                 (kmer_splitters.hpp        : 295)   Adding contigs from previous K
  0:00:00.034    16M / 2G    INFO    General                 (kmer_splitters.hpp        : 308)   Used 3978 reads
  0:00:00.034    16M / 2G    INFO    General                 (kmer_index_builder.hpp    : 120)   Starting k-mer counting.
  0:00:00.058    16M / 2G    INFO    General                 (kmer_index_builder.hpp    : 127)   K-mer counting done. There are 58199 kmers in total.
  0:00:00.058    16M / 2G    INFO    General                 (kmer_index_builder.hpp    : 133)   Merging temporary buckets.
  0:00:00.071    16M / 2G    INFO    General                 (stage.cpp                 : 101)   PROCEDURE == Extension index construction
  0:00:00.071    16M / 2G    INFO   K-mer Index Building     (kmer_index_builder.hpp    : 301)   Building kmer index
  0:00:00.071    16M / 2G    INFO    General                 (kmer_index_builder.hpp    : 117)   Splitting kmer instances into 64 files using 4 threads. This might take a while.
  0:00:00.071    16M / 2G    INFO    General                 (file_limit.hpp            :  32)   Open file limit set to 256
  0:00:00.071    16M / 2G    INFO    General                 (kmer_splitters.hpp        :  89)   Memory available for splitting buffers: 20.832 Gb
  0:00:00.071    16M / 2G    INFO    General                 (kmer_splitters.hpp        :  97)   Using cell size of 524288
  0:00:00.106     3G / 3G    INFO    General                 (kmer_splitters.hpp        : 380)   Processed 58199 kmers
  0:00:00.106     3G / 3G    INFO    General                 (kmer_splitters.hpp        : 385)   Used 58199 kmers.
  0:00:00.108    16M / 3G    INFO    General                 (kmer_index_builder.hpp    : 120)   Starting k-mer counting.
  0:00:00.184    16M / 3G    INFO    General                 (kmer_index_builder.hpp    : 127)   K-mer counting done. There are 58680 kmers in total.
  0:00:00.184    16M / 3G    INFO    General                 (kmer_index_builder.hpp    : 133)   Merging temporary buckets.
  0:00:00.227    16M / 3G    INFO   K-mer Index Building     (kmer_index_builder.hpp    : 314)   Building perfect hash indices
  0:00:00.278    16M / 3G    INFO    General                 (kmer_index_builder.hpp    : 150)   Merging final buckets.
  0:00:00.284    16M / 3G    INFO   K-mer Index Building     (kmer_index_builder.hpp    : 336)   Index built. Total 36016 bytes occupied (4.91016 bits per kmer).
  0:00:00.284    16M / 3G    INFO   DeBruijnExtensionIndexBu (kmer_extension_index_build:  99)   Building k-mer extensions from k+1-mers
  0:00:00.290    16M / 3G    INFO   DeBruijnExtensionIndexBu (kmer_extension_index_build: 103)   Building k-mer extensions from k+1-mers finished.
  0:00:00.290    16M / 3G    INFO    General                 (stage.cpp                 : 101)   PROCEDURE == Condensing graph
  0:00:00.295    16M / 3G    INFO   UnbranchingPathExtractor (debruijn_graph_constructor: 355)   Extracting unbranching paths
  0:00:00.303    16M / 3G    INFO   UnbranchingPathExtractor (debruijn_graph_constructor: 374)   Extracting unbranching paths finished. 503 sequences extracted
  0:00:00.309    16M / 3G    INFO   UnbranchingPathExtractor (debruijn_graph_constructor: 310)   Collecting perfect loops
  0:00:00.317    16M / 3G    INFO   UnbranchingPathExtractor (debruijn_graph_constructor: 343)   Collecting perfect loops finished. 0 loops collected
  0:00:00.317    16M / 3G    INFO    General                 (stage.cpp                 : 101)   PROCEDURE == Filling coverage indices (PHM)
  0:00:00.317    16M / 3G    INFO   K-mer Index Building     (kmer_index_builder.hpp    : 301)   Building kmer index
  0:00:00.317    16M / 3G    INFO   K-mer Index Building     (kmer_index_builder.hpp    : 314)   Building perfect hash indices
  0:00:00.324    16M / 3G    INFO   K-mer Index Building     (kmer_index_builder.hpp    : 336)   Index built. Total 29104 bytes occupied (4.00062 bits per kmer).
  0:00:00.325    16M / 3G    INFO    General                 (construction.cpp          : 388)   Collecting k-mer coverage information from reads, this takes a while.
  0:00:00.329    16M / 3G    INFO    General                 (construction.cpp          : 508)   Filling coverage and flanking coverage from PHM
  0:00:00.335    16M / 3G    INFO   StageManager             (stage.cpp                 : 132)   STAGE == EC Threshold Finding
  0:00:00.335    16M / 3G    INFO    General                 (kmer_coverage_model.cpp   : 181)   Kmer coverage valley at: 10
  0:00:00.335    16M / 3G    INFO    General                 (kmer_coverage_model.cpp   : 201)   K-mer histogram maximum: 11
  0:00:00.335    16M / 3G    WARN    General                 (kmer_coverage_model.cpp   : 218)   Too many erroneous kmers, the estimates might be unreliable
  0:00:00.335    16M / 3G    INFO    General                 (kmer_coverage_model.cpp   : 237)   Estimated median coverage: 11. Coverage mad: 10.9953
  0:00:00.335    16M / 3G    INFO    General                 (kmer_coverage_model.cpp   : 259)   Fitting coverage model
  0:00:00.336    16M / 3G    INFO    General                 (kmer_coverage_model.cpp   : 295)   ... iteration 2
  0:00:00.337    16M / 3G    INFO    General                 (kmer_coverage_model.cpp   : 295)   ... iteration 4
  0:00:00.342    16M / 3G    INFO    General                 (kmer_coverage_model.cpp   : 295)   ... iteration 8
  0:00:00.348    16M / 3G    INFO    General                 (kmer_coverage_model.cpp   : 295)   ... iteration 16
  0:00:00.355    16M / 3G    INFO    General                 (kmer_coverage_model.cpp   : 309)   Fitted mean coverage: 8.45971. Fitted coverage std. dev: 1.4623
  0:00:00.355    16M / 3G    WARN    General                 (kmer_coverage_model.cpp   : 327)   Valley value was estimated improperly, reset to 4
  0:00:00.355    16M / 3G    INFO    General                 (kmer_coverage_model.cpp   : 334)   Probability of erroneous kmer at valley: 0.996343
  0:00:00.355    16M / 3G    WARN    General                 (kmer_coverage_model.cpp   : 366)   Failed to determine erroneous kmer threshold. Threshold set to: 4
  0:00:00.355    16M / 3G    INFO    General                 (kmer_coverage_model.cpp   : 375)   Estimated genome size (ignoring repeats): 1224
  0:00:00.355    16M / 3G    INFO    General                 (genomic_info_filler.cpp   : 114)   Failed to estimate mean coverage
  0:00:00.355    16M / 3G    INFO    General                 (genomic_info_filler.cpp   : 127)   EC coverage threshold value was calculated as 4
  0:00:00.355    16M / 3G    INFO    General                 (genomic_info_filler.cpp   : 128)   Trusted kmer low bound: 0
  0:00:00.355    16M / 3G    INFO   StageManager             (stage.cpp                 : 132)   STAGE == Gap Closer
  0:00:00.357    16M / 3G    INFO    General                 (gap_closer.cpp            : 427)   No paired-end libraries exist, skipping gap closer
  0:00:00.357    16M / 3G    INFO   StageManager             (stage.cpp                 : 132)   STAGE == Raw Simplification
  0:00:00.357    16M / 3G    INFO    General                 (simplification.cpp        : 128)   PROCEDURE == InitialCleaning
  0:00:00.357    16M / 3G    INFO    General                 (simplification.cpp        :  68)   Most init cleaning disabled since detected mean 0 was less than activation coverage 10
  0:00:00.357    16M / 3G    INFO   Simplification           (parallel_processing.hpp   : 165)   Running Self conjugate edge remover
  0:00:00.357    16M / 3G    INFO   Simplification           (parallel_processing.hpp   : 167)   Self conjugate edge remover triggered 0 times
  0:00:00.357    16M / 3G    INFO   StageManager             (stage.cpp                 : 132)   STAGE == Simplification
  0:00:00.357    16M / 3G    INFO    General                 (simplification.cpp        : 357)   Graph simplification started
  0:00:00.357    16M / 3G    INFO    General                 (graph_simplification.hpp  : 641)   Creating parallel br instance
  0:00:00.357    16M / 3G    INFO    General                 (simplification.cpp        : 362)   PROCEDURE == Simplification cycle, iteration 1
  0:00:00.357    16M / 3G    INFO   Simplification           (parallel_processing.hpp   : 165)   Running Tip clipper
  0:00:00.358    16M / 3G    INFO   Simplification           (parallel_processing.hpp   : 167)   Tip clipper triggered 11 times
  0:00:00.358    16M / 3G    INFO   Simplification           (parallel_processing.hpp   : 165)   Running Bulge remover
  0:00:00.358    16M / 3G    INFO   Simplification           (parallel_processing.hpp   : 167)   Bulge remover triggered 0 times
  0:00:00.358    16M / 3G    INFO   Simplification           (parallel_processing.hpp   : 165)   Running Low coverage edge remover
  0:00:00.358    16M / 3G    INFO   Simplification           (parallel_processing.hpp   : 167)   Low coverage edge remover triggered 0 times
  0:00:00.358    16M / 3G    INFO    General                 (simplification.cpp        : 362)   PROCEDURE == Simplification cycle, iteration 2
  0:00:00.358    16M / 3G    INFO   Simplification           (parallel_processing.hpp   : 165)   Running Tip clipper
  0:00:00.358    16M / 3G    INFO   Simplification           (parallel_processing.hpp   : 167)   Tip clipper triggered 0 times
  0:00:00.358    16M / 3G    INFO   Simplification           (parallel_processing.hpp   : 165)   Running Bulge remover
  0:00:00.358    16M / 3G    INFO   Simplification           (parallel_processing.hpp   : 167)   Bulge remover triggered 0 times
  0:00:00.358    16M / 3G    INFO   Simplification           (parallel_processing.hpp   : 165)   Running Low coverage edge remover
  0:00:00.358    16M / 3G    INFO   Simplification           (parallel_processing.hpp   : 167)   Low coverage edge remover triggered 0 times
  0:00:00.358    16M / 3G    INFO    General                 (simplification.cpp        : 362)   PROCEDURE == Simplification cycle, iteration 3
  0:00:00.358    16M / 3G    INFO   Simplification           (parallel_processing.hpp   : 165)   Running Tip clipper
  0:00:00.358    16M / 3G    INFO   Simplification           (parallel_processing.hpp   : 167)   Tip clipper triggered 0 times
  0:00:00.358    16M / 3G    INFO   Simplification           (parallel_processing.hpp   : 165)   Running Bulge remover
  0:00:00.358    16M / 3G    INFO   Simplification           (parallel_processing.hpp   : 167)   Bulge remover triggered 0 times
  0:00:00.358    16M / 3G    INFO   Simplification           (parallel_processing.hpp   : 165)   Running Low coverage edge remover
  0:00:00.358    16M / 3G    INFO   Simplification           (parallel_processing.hpp   : 167)   Low coverage edge remover triggered 0 times
  0:00:00.358    16M / 3G    INFO    General                 (simplification.cpp        : 362)   PROCEDURE == Simplification cycle, iteration 4
  0:00:00.358    16M / 3G    INFO   Simplification           (parallel_processing.hpp   : 165)   Running Tip clipper
  0:00:00.358    16M / 3G    INFO   Simplification           (parallel_processing.hpp   : 167)   Tip clipper triggered 0 times
  0:00:00.358    16M / 3G    INFO   Simplification           (parallel_processing.hpp   : 165)   Running Bulge remover
  0:00:00.358    16M / 3G    INFO   Simplification           (parallel_processing.hpp   : 167)   Bulge remover triggered 0 times
  0:00:00.358    16M / 3G    INFO   Simplification           (parallel_processing.hpp   : 165)   Running Low coverage edge remover
  0:00:00.358    16M / 3G    INFO   Simplification           (parallel_processing.hpp   : 167)   Low coverage edge remover triggered 0 times
  0:00:00.358    16M / 3G    INFO    General                 (simplification.cpp        : 362)   PROCEDURE == Simplification cycle, iteration 5
  0:00:00.358    16M / 3G    INFO   Simplification           (parallel_processing.hpp   : 165)   Running Tip clipper
  0:00:00.358    16M / 3G    INFO   Simplification           (parallel_processing.hpp   : 167)   Tip clipper triggered 0 times
  0:00:00.358    16M / 3G    INFO   Simplification           (parallel_processing.hpp   : 165)   Running Bulge remover
  0:00:00.358    16M / 3G    INFO   Simplification           (parallel_processing.hpp   : 167)   Bulge remover triggered 0 times
  0:00:00.358    16M / 3G    INFO   Simplification           (parallel_processing.hpp   : 165)   Running Low coverage edge remover
  0:00:00.358    16M / 3G    INFO   Simplification           (parallel_processing.hpp   : 167)   Low coverage edge remover triggered 0 times
  0:00:00.358    16M / 3G    INFO    General                 (simplification.cpp        : 362)   PROCEDURE == Simplification cycle, iteration 6
  0:00:00.358    16M / 3G    INFO   Simplification           (parallel_processing.hpp   : 165)   Running Tip clipper
  0:00:00.358    16M / 3G    INFO   Simplification           (parallel_processing.hpp   : 167)   Tip clipper triggered 0 times
  0:00:00.358    16M / 3G    INFO   Simplification           (parallel_processing.hpp   : 165)   Running Bulge remover
  0:00:00.358    16M / 3G    INFO   Simplification           (parallel_processing.hpp   : 167)   Bulge remover triggered 0 times
  0:00:00.358    16M / 3G    INFO   Simplification           (parallel_processing.hpp   : 165)   Running Low coverage edge remover
  0:00:00.358    16M / 3G    INFO   Simplification           (parallel_processing.hpp   : 167)   Low coverage edge remover triggered 0 times
  0:00:00.358    16M / 3G    INFO    General                 (simplification.cpp        : 362)   PROCEDURE == Simplification cycle, iteration 7
  0:00:00.358    16M / 3G    INFO   Simplification           (parallel_processing.hpp   : 165)   Running Tip clipper
  0:00:00.358    16M / 3G    INFO   Simplification           (parallel_processing.hpp   : 167)   Tip clipper triggered 0 times
  0:00:00.358    16M / 3G    INFO   Simplification           (parallel_processing.hpp   : 165)   Running Bulge remover
  0:00:00.358    16M / 3G    INFO   Simplification           (parallel_processing.hpp   : 167)   Bulge remover triggered 0 times
  0:00:00.358    16M / 3G    INFO   Simplification           (parallel_processing.hpp   : 165)   Running Low coverage edge remover
  0:00:00.358    16M / 3G    INFO   Simplification           (parallel_processing.hpp   : 167)   Low coverage edge remover triggered 0 times
  0:00:00.358    16M / 3G    INFO    General                 (simplification.cpp        : 362)   PROCEDURE == Simplification cycle, iteration 8
  0:00:00.358    16M / 3G    INFO   Simplification           (parallel_processing.hpp   : 165)   Running Tip clipper
  0:00:00.358    16M / 3G    INFO   Simplification           (parallel_processing.hpp   : 167)   Tip clipper triggered 0 times
  0:00:00.358    16M / 3G    INFO   Simplification           (parallel_processing.hpp   : 165)   Running Bulge remover
  0:00:00.358    16M / 3G    INFO   Simplification           (parallel_processing.hpp   : 167)   Bulge remover triggered 0 times
  0:00:00.358    16M / 3G    INFO   Simplification           (parallel_processing.hpp   : 165)   Running Low coverage edge remover
  0:00:00.358    16M / 3G    INFO   Simplification           (parallel_processing.hpp   : 167)   Low coverage edge remover triggered 0 times
  0:00:00.358    16M / 3G    INFO    General                 (simplification.cpp        : 362)   PROCEDURE == Simplification cycle, iteration 9
  0:00:00.358    16M / 3G    INFO   Simplification           (parallel_processing.hpp   : 165)   Running Tip clipper
  0:00:00.358    16M / 3G    INFO   Simplification           (parallel_processing.hpp   : 167)   Tip clipper triggered 0 times
  0:00:00.358    16M / 3G    INFO   Simplification           (parallel_processing.hpp   : 165)   Running Bulge remover
  0:00:00.358    16M / 3G    INFO   Simplification           (parallel_processing.hpp   : 167)   Bulge remover triggered 0 times
  0:00:00.358    16M / 3G    INFO   Simplification           (parallel_processing.hpp   : 165)   Running Low coverage edge remover
  0:00:00.358    16M / 3G    INFO   Simplification           (parallel_processing.hpp   : 167)   Low coverage edge remover triggered 0 times
  0:00:00.359    16M / 3G    INFO    General                 (simplification.cpp        : 362)   PROCEDURE == Simplification cycle, iteration 10
  0:00:00.359    16M / 3G    INFO   Simplification           (parallel_processing.hpp   : 165)   Running Tip clipper
  0:00:00.359    16M / 3G    INFO   Simplification           (parallel_processing.hpp   : 167)   Tip clipper triggered 0 times
  0:00:00.359    16M / 3G    INFO   Simplification           (parallel_processing.hpp   : 165)   Running Bulge remover
  0:00:00.359    16M / 3G    INFO   Simplification           (parallel_processing.hpp   : 167)   Bulge remover triggered 0 times
  0:00:00.359    16M / 3G    INFO   Simplification           (parallel_processing.hpp   : 165)   Running Low coverage edge remover
  0:00:00.359    16M / 3G    INFO   Simplification           (parallel_processing.hpp   : 167)   Low coverage edge remover triggered 0 times
  0:00:00.359    16M / 3G    INFO    General                 (simplification.cpp        : 362)   PROCEDURE == Simplification cycle, iteration 11
  0:00:00.359    16M / 3G    INFO   Simplification           (parallel_processing.hpp   : 165)   Running Tip clipper
  0:00:00.359    16M / 3G    INFO   Simplification           (parallel_processing.hpp   : 167)   Tip clipper triggered 0 times
  0:00:00.359    16M / 3G    INFO   Simplification           (parallel_processing.hpp   : 165)   Running Bulge remover
  0:00:00.359    16M / 3G    INFO   Simplification           (parallel_processing.hpp   : 167)   Bulge remover triggered 0 times
  0:00:00.359    16M / 3G    INFO   Simplification           (parallel_processing.hpp   : 165)   Running Low coverage edge remover
  0:00:00.359    16M / 3G    INFO   Simplification           (parallel_processing.hpp   : 167)   Low coverage edge remover triggered 0 times
  0:00:00.359    16M / 3G    INFO   StageManager             (stage.cpp                 : 132)   STAGE == Gap Closer
  0:00:00.359    16M / 3G    INFO    General                 (gap_closer.cpp            : 427)   No paired-end libraries exist, skipping gap closer
  0:00:00.359    16M / 3G    INFO   StageManager             (stage.cpp                 : 132)   STAGE == Simplification Cleanup
  0:00:00.359    16M / 3G    INFO    General                 (simplification.cpp        : 196)   PROCEDURE == Post simplification
  0:00:00.359    16M / 3G    INFO    General                 (graph_simplification.hpp  : 458)   Disconnection of relatively low covered edges disabled
  0:00:00.359    16M / 3G    INFO    General                 (graph_simplification.hpp  : 494)   Complex tip clipping disabled
  0:00:00.359    16M / 3G    INFO    General                 (graph_simplification.hpp  : 641)   Creating parallel br instance
  0:00:00.359    16M / 3G    INFO   Simplification           (parallel_processing.hpp   : 165)   Running Tip clipper
  0:00:00.359    16M / 3G    INFO   Simplification           (parallel_processing.hpp   : 167)   Tip clipper triggered 0 times
  0:00:00.359    16M / 3G    INFO   Simplification           (parallel_processing.hpp   : 165)   Running Bulge remover
  0:00:00.360    16M / 3G    INFO   Simplification           (parallel_processing.hpp   : 167)   Bulge remover triggered 0 times
  0:00:00.360    16M / 3G    INFO   Simplification           (parallel_processing.hpp   : 165)   Running Tip clipper
  0:00:00.360    16M / 3G    INFO   Simplification           (parallel_processing.hpp   : 167)   Tip clipper triggered 0 times
  0:00:00.360    16M / 3G    INFO   Simplification           (parallel_processing.hpp   : 165)   Running Bulge remover
  0:00:00.360    16M / 3G    INFO   Simplification           (parallel_processing.hpp   : 167)   Bulge remover triggered 0 times
  0:00:00.360    16M / 3G    INFO    General                 (simplification.cpp        : 330)   Disrupting self-conjugate edges
  0:00:00.360    16M / 3G    INFO   Simplification           (parallel_processing.hpp   : 165)   Running Removing isolated edges
  0:00:00.361    16M / 3G    INFO   Simplification           (parallel_processing.hpp   : 167)   Removing isolated edges triggered 358 times
  0:00:00.361    16M / 3G    INFO    General                 (simplification.cpp        : 470)   Counting average coverage
  0:00:00.361    16M / 3G    INFO    General                 (simplification.cpp        : 476)   Average coverage = 1.34232
  0:00:00.361    16M / 3G    WARN    General                 (simplification.cpp        : 479)   The determined erroneous connection coverage threshold may be determined improperly
  0:00:00.361    16M / 3G    INFO   StageManager             (stage.cpp                 : 132)   STAGE == Mismatch Correction
  0:00:00.361    16M / 3G    INFO    General                 (graph_pack.hpp            : 101)   Index refill
  0:00:00.362    16M / 3G    INFO   K-mer Index Building     (kmer_index_builder.hpp    : 301)   Building kmer index
  0:00:00.362    16M / 3G    INFO    General                 (kmer_index_builder.hpp    : 117)   Splitting kmer instances into 64 files using 4 threads. This might take a while.
  0:00:00.362    16M / 3G    INFO    General                 (file_limit.hpp            :  32)   Open file limit set to 256
  0:00:00.362    16M / 3G    INFO    General                 (kmer_splitters.hpp        :  89)   Memory available for splitting buffers: 20.832 Gb
  0:00:00.362    16M / 3G    INFO    General                 (kmer_splitters.hpp        :  97)   Using cell size of 524288
  0:00:00.391     3G / 3G    INFO    General                 (edge_index_builders.hpp   :  82)   Used 246 sequences.
  0:00:00.392    16M / 3G    INFO    General                 (kmer_index_builder.hpp    : 120)   Starting k-mer counting.
  0:00:00.472    16M / 3G    INFO    General                 (kmer_index_builder.hpp    : 127)   K-mer counting done. There are 39951 kmers in total.
  0:00:00.472    16M / 3G    INFO    General                 (kmer_index_builder.hpp    : 133)   Merging temporary buckets.
  0:00:00.516    16M / 3G    INFO   K-mer Index Building     (kmer_index_builder.hpp    : 314)   Building perfect hash indices
  0:00:00.538    16M / 3G    INFO    General                 (kmer_index_builder.hpp    : 150)   Merging final buckets.
  0:00:00.545    16M / 3G    INFO   K-mer Index Building     (kmer_index_builder.hpp    : 336)   Index built. Total 27264 bytes occupied (5.45949 bits per kmer).
  0:00:00.546    16M / 3G    INFO    General                 (edge_index_builders.hpp   : 107)   Collecting edge information from graph, this takes a while.
  0:00:00.548    16M / 3G    INFO    General                 (edge_index.hpp            :  92)   Index refilled
  0:00:00.548    16M / 3G    INFO    General                 (graph_pack.hpp            : 109)   Normalizing k-mer map. Total 0 kmers to process
  0:00:00.548    16M / 3G    INFO    General                 (graph_pack.hpp            : 111)   Normalizing done
  0:00:00.561    16M / 3G    INFO    General                 (mismatch_shall_not_pass.hp: 189)   Finished collecting potential mismatches positions
  0:00:00.561    16M / 3G    INFO    General                 (mismatch_shall_not_pass.hp: 290)   All edges processed
  0:00:00.561    16M / 3G    INFO    General                 (mismatch_correction.cpp   :  27)   Corrected 0 nucleotides
  0:00:00.561    16M / 3G    INFO   StageManager             (stage.cpp                 : 132)   STAGE == Contig Output
  0:00:00.561    16M / 3G    INFO    General                 (contig_output_stage.cpp   :  45)   Writing GFA to /Users/cmdb/qbb2019-answers/20190913/spades//K55/assembly_graph_with_scaffolds.gfa
  0:00:00.562    16M / 3G    INFO    General                 (contig_output.hpp         :  22)   Outputting contigs to /Users/cmdb/qbb2019-answers/20190913/spades//K55/before_rr.fasta
  0:00:00.563    16M / 3G    INFO    General                 (contig_output_stage.cpp   :  56)   Outputting FastG graph to /Users/cmdb/qbb2019-answers/20190913/spades//K55/assembly_graph.fastg
  0:00:00.566    16M / 3G    INFO    General                 (contig_output.hpp         :  22)   Outputting contigs to /Users/cmdb/qbb2019-answers/20190913/spades//K55/final_contigs.fasta
  0:00:00.568    16M / 3G    INFO   StageManager             (stage.cpp                 : 132)   STAGE == Paired Information Counting
  0:00:00.569    16M / 3G    INFO    General                 (graph_pack.hpp            : 109)   Normalizing k-mer map. Total 0 kmers to process
  0:00:00.569    16M / 3G    INFO    General                 (graph_pack.hpp            : 111)   Normalizing done
  0:00:00.569    16M / 3G    INFO    General                 (pair_info_count.cpp       : 323)   Min edge length for estimation: 323
  0:00:00.569    16M / 3G    INFO    General                 (pair_info_count.cpp       : 395)   Mapping single reads of library #0
  0:00:00.569    16M / 3G    INFO    General                 (pair_info_count.cpp       :  39)   Selecting usual mapper
  0:00:00.577    16M / 3G    INFO    General                 (sequence_mapper_notifier.h:  98)   Total 1989 reads processed
  0:00:00.577    16M / 3G    INFO    General                 (pair_info_count.cpp       : 397)   Total paths obtained from single reads: 246
  0:00:00.577    16M / 3G    INFO   StageManager             (stage.cpp                 : 132)   STAGE == Distance Estimation
  0:00:00.577    16M / 3G    INFO   StageManager             (stage.cpp                 : 132)   STAGE == Repeat Resolving
  0:00:00.577    16M / 3G    INFO    General                 (repeat_resolving.cpp      :  69)   Using Path-Extend repeat resolving
  0:00:00.577    16M / 3G    INFO    General                 (launcher.cpp              : 481)   ExSPAnder repeat resolving tool started
  0:00:00.578    16M / 3G    INFO    General                 (launcher.cpp              : 392)   Creating main extenders, unique edge length = 2000
  0:00:00.579    16M / 3G    INFO    General                 (extenders_logic.cpp       :  34)   resolvable_repeat_length_bound set to 10000
  0:00:00.580    16M / 3G    INFO    General                 (extenders_logic.cpp       : 475)   Using 0 paired-end libraries
  0:00:00.580    16M / 3G    INFO    General                 (extenders_logic.cpp       : 476)   Using 0 paired-end scaffolding libraries
  0:00:00.580    16M / 3G    INFO    General                 (extenders_logic.cpp       : 477)   Using 1 single read library
  0:00:00.580    16M / 3G    INFO    General                 (launcher.cpp              : 420)   Total number of extenders is 1
  0:00:00.580    16M / 3G    INFO    General                 (path_extender.hpp         : 885)   Processed 0 paths from 123 (0%)
  0:00:00.581    16M / 3G    INFO    General                 (path_extender.hpp         : 885)   Processed 13 paths from 123 (10%)
  0:00:00.581    16M / 3G    INFO    General                 (path_extender.hpp         : 885)   Processed 26 paths from 123 (21%)
  0:00:00.581    16M / 3G    INFO    General                 (path_extender.hpp         : 885)   Processed 39 paths from 123 (31%)
  0:00:00.582    16M / 3G    INFO    General                 (path_extender.hpp         : 885)   Processed 52 paths from 123 (42%)
  0:00:00.582    16M / 3G    INFO    General                 (path_extender.hpp         : 885)   Processed 65 paths from 123 (52%)
  0:00:00.582    16M / 3G    INFO    General                 (path_extender.hpp         : 885)   Processed 78 paths from 123 (63%)
  0:00:00.583    16M / 3G    INFO    General                 (path_extender.hpp         : 885)   Processed 91 paths from 123 (73%)
  0:00:00.583    16M / 3G    INFO    General                 (path_extender.hpp         : 885)   Processed 104 paths from 123 (84%)
  0:00:00.584    16M / 3G    INFO    General                 (path_extender.hpp         : 885)   Processed 117 paths from 123 (95%)
  0:00:00.584    16M / 3G    INFO    General                 (launcher.cpp              : 234)   Finalizing paths
  0:00:00.584    16M / 3G    INFO    General                 (launcher.cpp              : 236)   Deduplicating paths
  0:00:00.584    16M / 3G    INFO    General                 (launcher.cpp              : 240)   Paths deduplicated
  0:00:00.584    16M / 3G    INFO   PEResolver               (pe_resolver.hpp           : 295)   Removing overlaps
  0:00:00.584    16M / 3G    INFO   PEResolver               (pe_resolver.hpp           : 298)   Sorting paths
  0:00:00.584    16M / 3G    INFO   PEResolver               (pe_resolver.hpp           : 305)   Marking overlaps
  0:00:00.584    16M / 3G    INFO   OverlapRemover           (pe_resolver.hpp           : 130)   Marking start/end overlaps
  0:00:00.584    16M / 3G    INFO   OverlapRemover           (pe_resolver.hpp           : 133)   Marking remaining overlaps
  0:00:00.585    16M / 3G    INFO   PEResolver               (pe_resolver.hpp           : 308)   Splitting paths
  0:00:00.585    16M / 3G    INFO   PEResolver               (pe_resolver.hpp           : 313)   Deduplicating paths
  0:00:00.585    16M / 3G    INFO   PEResolver               (pe_resolver.hpp           : 315)   Overlaps removed
  0:00:00.585    16M / 3G    INFO    General                 (launcher.cpp              : 257)   Paths finalized
  0:00:00.585    16M / 3G    INFO    General                 (launcher.cpp              : 427)   Closing gaps in paths
  0:00:00.586    16M / 3G    INFO    General                 (launcher.cpp              : 455)   Gap closing completed
  0:00:00.586    16M / 3G    INFO    General                 (launcher.cpp              : 286)   Traversing tandem repeats
  0:00:00.587    16M / 3G    INFO    General                 (launcher.cpp              : 296)   Traversed 0 loops
  0:00:00.587    16M / 3G    INFO    General                 (launcher.cpp              : 234)   Finalizing paths
  0:00:00.587    16M / 3G    INFO    General                 (launcher.cpp              : 236)   Deduplicating paths
  0:00:00.587    16M / 3G    INFO    General                 (launcher.cpp              : 240)   Paths deduplicated
  0:00:00.587    16M / 3G    INFO   PEResolver               (pe_resolver.hpp           : 295)   Removing overlaps
  0:00:00.587    16M / 3G    INFO   PEResolver               (pe_resolver.hpp           : 298)   Sorting paths
  0:00:00.587    16M / 3G    INFO   PEResolver               (pe_resolver.hpp           : 305)   Marking overlaps
  0:00:00.587    16M / 3G    INFO   OverlapRemover           (pe_resolver.hpp           : 130)   Marking start/end overlaps
  0:00:00.587    16M / 3G    INFO   OverlapRemover           (pe_resolver.hpp           : 133)   Marking remaining overlaps
  0:00:00.587    16M / 3G    INFO   PEResolver               (pe_resolver.hpp           : 308)   Splitting paths
  0:00:00.587    16M / 3G    INFO   PEResolver               (pe_resolver.hpp           : 313)   Deduplicating paths
  0:00:00.587    16M / 3G    INFO   PEResolver               (pe_resolver.hpp           : 315)   Overlaps removed
  0:00:00.587    16M / 3G    INFO    General                 (launcher.cpp              : 257)   Paths finalized
  0:00:00.587    16M / 3G    INFO    General                 (launcher.cpp              : 534)   ExSPAnder repeat resolving tool finished
  0:00:00.588    16M / 3G    INFO   StageManager             (stage.cpp                 : 132)   STAGE == Contig Output
  0:00:00.588    16M / 3G    INFO    General                 (contig_output_stage.cpp   :  45)   Writing GFA to /Users/cmdb/qbb2019-answers/20190913/spades//K55/assembly_graph_with_scaffolds.gfa
  0:00:00.589    16M / 3G    INFO    General                 (contig_output.hpp         :  22)   Outputting contigs to /Users/cmdb/qbb2019-answers/20190913/spades//K55/before_rr.fasta
  0:00:00.590    16M / 3G    INFO    General                 (contig_output_stage.cpp   :  56)   Outputting FastG graph to /Users/cmdb/qbb2019-answers/20190913/spades//K55/assembly_graph.fastg
  0:00:00.593    16M / 3G    INFO    General                 (contig_output_stage.cpp   :  20)   Outputting FastG paths to /Users/cmdb/qbb2019-answers/20190913/spades//K55/final_contigs.paths
  0:00:00.595    16M / 3G    INFO    General                 (contig_output_stage.cpp   :  20)   Outputting FastG paths to /Users/cmdb/qbb2019-answers/20190913/spades//K55/scaffolds.paths
  0:00:00.598    16M / 3G    INFO    General                 (launch.hpp                : 151)   SPAdes finished
  0:00:00.599    16M / 3G    INFO    General                 (main.cpp                  : 109)   Assembling time: 0 hours 0 minutes 0 seconds

===== Assembling finished. Used k-mer sizes: 21, 33, 55 

 * Corrected reads are in /Users/cmdb/qbb2019-answers/20190913/spades/corrected/
 * Assembled contigs are in /Users/cmdb/qbb2019-answers/20190913/spades/contigs.fasta
 * Assembled scaffolds are in /Users/cmdb/qbb2019-answers/20190913/spades/scaffolds.fasta
 * Paths in the assembly graph corresponding to the contigs are in /Users/cmdb/qbb2019-answers/20190913/spades/contigs.paths
 * Paths in the assembly graph corresponding to the scaffolds are in /Users/cmdb/qbb2019-answers/20190913/spades/scaffolds.paths
 * Assembly graph is in /Users/cmdb/qbb2019-answers/20190913/spades/assembly_graph.fastg
 * Assembly graph in GFA format is in /Users/cmdb/qbb2019-answers/20190913/spades/assembly_graph_with_scaffolds.gfa

======= SPAdes pipeline finished WITH WARNINGS!

=== Error correction and assembling warnings:
 * 0:00:00.652    16M / 3G    WARN    General                 (kmer_coverage_model.cpp   : 218)   Too many erroneous kmers, the estimates might be unreliable
 * 0:00:00.692    16M / 3G    WARN    General                 (simplification.cpp        : 479)   The determined erroneous connection coverage threshold may be determined improperly
 * 0:00:00.355    16M / 3G    WARN    General                 (kmer_coverage_model.cpp   : 327)   Valley value was estimated improperly, reset to 4
 * 0:00:00.355    16M / 3G    WARN    General                 (kmer_coverage_model.cpp   : 366)   Failed to determine erroneous kmer threshold. Threshold set to: 4
======= Warnings saved to /Users/cmdb/qbb2019-answers/20190913/spades/warnings.log

SPAdes log can be found here: /Users/cmdb/qbb2019-answers/20190913/spades/spades.log

Thank you for using SPAdes!
